#
# A fatal error has been detected by the Java Runtime Environment:
#
#  EXCEPTION_ACCESS_VIOLATION (0xc0000005) at pc=0x0000000071001508, pid=23072, tid=14264
#
# JRE version: OpenJDK Runtime Environment Temurin-17.0.4.1+1 (17.0.4.1+1) (build 17.0.4.1+1)
# Java VM: OpenJDK 64-Bit Server VM Temurin-17.0.4.1+1 (17.0.4.1+1, mixed mode, tiered, compressed oops, compressed class ptrs, g1 gc, windows-amd64)
# Problematic frame:
# C  [EcrJava.dll+0x1508]
#
# No core dump will be written. Minidumps are not enabled by default on client versions of Windows
#
# If you would like to submit a bug report, please visit:
#   https://github.com/adoptium/adoptium-support/issues
# The crash happened outside the Java Virtual Machine in native code.
# See problematic frame for where to report the bug.
#

---------------  S U M M A R Y ------------

Command Line: -Dfile.encoding=UTF-8 -XX:+ShowCodeDetailsInExceptionMessages com.ecr.ECRBootApplication

Host: Intel(R) Core(TM) i5-7300U CPU @ 2.60GHz, 4 cores, 15G,  Windows 10 , 64 bit Build 19041 (10.0.19041.2364)
Time: Thu Mar  2 15:54:02 2023 India Standard Time elapsed time: 396.701477 seconds (0d 0h 6m 36s)

---------------  T H R E A D  ---------------

Current thread (0x0000022a1ca226e0):  JavaThread "http-nio-9099-exec-5" daemon [_thread_in_native, id=14264, stack(0x0000006928900000,0x0000006928a00000)]

Stack: [0x0000006928900000,0x0000006928a00000],  sp=0x00000069289fcb50,  free space=1010k
Native frames: (J=compiled Java code, j=interpreted, Vv=VM code, C=native code)
C  [EcrJava.dll+0x1508]

Java frames: (J=compiled Java code, j=interpreted, Vv=VM code)
j  com.skyband.skybandecr.CLibraryLoad.pack(Ljava/lang/String;ILjava/lang/String;Ljava/lang/String;)[B+0
j  com.skyband.skybandecr.CLibraryLoad.getPackData(Ljava/lang/String;ILjava/lang/String;)[B+13
j  com.skyband.impl.ECRImpl.doTCPIPTransaction(Ljava/lang/String;ILjava/lang/String;ILjava/lang/String;)Ljava/lang/String;+38
j  com.ecr.service.PaymentService.performTransactionTCPIP(Lcom/ecr/model/PaymentRequest;Ljava/lang/String;I)Lcom/ecr/model/TransactionData;+2638
j  com.ecr.controller.MainController.performTransactionTCPIP(Lcom/ecr/model/PaymentRequest;)Lcom/ecr/model/TransactionData;+21
v  ~StubRoutines::call_stub
J 3516  jdk.internal.reflect.NativeMethodAccessorImpl.invoke0(Ljava/lang/reflect/Method;Ljava/lang/Object;[Ljava/lang/Object;)Ljava/lang/Object; java.base@17.0.4.1 (0 bytes) @ 0x0000022a07c65ca7 [0x0000022a07c65c20+0x0000000000000087]
J 3515 c1 jdk.internal.reflect.NativeMethodAccessorImpl.invoke(Ljava/lang/Object;[Ljava/lang/Object;)Ljava/lang/Object; java.base@17.0.4.1 (137 bytes) @ 0x0000022a00d4f26c [0x0000022a00d4e860+0x0000000000000a0c]
J 3188 c1 jdk.internal.reflect.DelegatingMethodAccessorImpl.invoke(Ljava/lang/Object;[Ljava/lang/Object;)Ljava/lang/Object; java.base@17.0.4.1 (10 bytes) @ 0x0000022a00c53bcc [0x0000022a00c53ac0+0x000000000000010c]
J 3191 c1 java.lang.reflect.Method.invoke(Ljava/lang/Object;[Ljava/lang/Object;)Ljava/lang/Object; java.base@17.0.4.1 (65 bytes) @ 0x0000022a00c551c4 [0x0000022a00c54e80+0x0000000000000344]
j  org.springframework.web.method.support.InvocableHandlerMethod.doInvoke([Ljava/lang/Object;)Ljava/lang/Object;+28
j  org.springframework.web.method.support.InvocableHandlerMethod.invokeForRequest(Lorg/springframework/web/context/request/NativeWebRequest;Lorg/springframework/web/method/support/ModelAndViewContainer;[Ljava/lang/Object;)Ljava/lang/Object;+54
j  org.springframework.web.servlet.mvc.method.annotation.ServletInvocableHandlerMethod.invokeAndHandle(Lorg/springframework/web/context/request/ServletWebRequest;Lorg/springframework/web/method/support/ModelAndViewContainer;[Ljava/lang/Object;)V+4
j  org.springframework.web.servlet.mvc.method.annotation.RequestMappingHandlerAdapter.invokeHandlerMethod(Ljavax/servlet/http/HttpServletRequest;Ljavax/servlet/http/HttpServletResponse;Lorg/springframework/web/method/HandlerMethod;)Lorg/springframework/web/servlet/ModelAndView;+244
j  org.springframework.web.servlet.mvc.method.annotation.RequestMappingHandlerAdapter.handleInternal(Ljavax/servlet/http/HttpServletRequest;Ljavax/servlet/http/HttpServletResponse;Lorg/springframework/web/method/HandlerMethod;)Lorg/springframework/web/servlet/ModelAndView;+81
j  org.springframework.web.servlet.mvc.method.AbstractHandlerMethodAdapter.handle(Ljavax/servlet/http/HttpServletRequest;Ljavax/servlet/http/HttpServletResponse;Ljava/lang/Object;)Lorg/springframework/web/servlet/ModelAndView;+7
j  org.springframework.web.servlet.DispatcherServlet.doDispatch(Ljavax/servlet/http/HttpServletRequest;Ljavax/servlet/http/HttpServletResponse;)V+259
j  org.springframework.web.servlet.DispatcherServlet.doService(Ljavax/servlet/http/HttpServletRequest;Ljavax/servlet/http/HttpServletResponse;)V+241
j  org.springframework.web.servlet.FrameworkServlet.processRequest(Ljavax/servlet/http/HttpServletRequest;Ljavax/servlet/http/HttpServletResponse;)V+71
j  org.springframework.web.servlet.FrameworkServlet.doPost(Ljavax/servlet/http/HttpServletRequest;Ljavax/servlet/http/HttpServletResponse;)V+3
j  javax.servlet.http.HttpServlet.service(Ljavax/servlet/http/HttpServletRequest;Ljavax/servlet/http/HttpServletResponse;)V+149
j  org.springframework.web.servlet.FrameworkServlet.service(Ljavax/servlet/http/HttpServletRequest;Ljavax/servlet/http/HttpServletResponse;)V+33
j  javax.servlet.http.HttpServlet.service(Ljavax/servlet/ServletRequest;Ljavax/servlet/ServletResponse;)V+36
j  org.apache.catalina.core.ApplicationFilterChain.internalDoFilter(Ljavax/servlet/ServletRequest;Ljavax/servlet/ServletResponse;)V+304
j  org.apache.catalina.core.ApplicationFilterChain.doFilter(Ljavax/servlet/ServletRequest;Ljavax/servlet/ServletResponse;)V+99
j  org.apache.tomcat.websocket.server.WsFilter.doFilter(Ljavax/servlet/ServletRequest;Ljavax/servlet/ServletResponse;Ljavax/servlet/FilterChain;)V+21
j  org.apache.catalina.core.ApplicationFilterChain.internalDoFilter(Ljavax/servlet/ServletRequest;Ljavax/servlet/ServletResponse;)V+135
j  org.apache.catalina.core.ApplicationFilterChain.doFilter(Ljavax/servlet/ServletRequest;Ljavax/servlet/ServletResponse;)V+99
j  org.springframework.web.filter.RequestContextFilter.doFilterInternal(Ljavax/servlet/http/HttpServletRequest;Ljavax/servlet/http/HttpServletResponse;Ljavax/servlet/FilterChain;)V+21
j  org.springframework.web.filter.OncePerRequestFilter.doFilter(Ljavax/servlet/ServletRequest;Ljavax/servlet/ServletResponse;Ljavax/servlet/FilterChain;)V+147
j  org.apache.catalina.core.ApplicationFilterChain.internalDoFilter(Ljavax/servlet/ServletRequest;Ljavax/servlet/ServletResponse;)V+135
j  org.apache.catalina.core.ApplicationFilterChain.doFilter(Ljavax/servlet/ServletRequest;Ljavax/servlet/ServletResponse;)V+99
j  org.springframework.web.filter.FormContentFilter.doFilterInternal(Ljavax/servlet/http/HttpServletRequest;Ljavax/servlet/http/HttpServletResponse;Ljavax/servlet/FilterChain;)V+38
j  org.springframework.web.filter.OncePerRequestFilter.doFilter(Ljavax/servlet/ServletRequest;Ljavax/servlet/ServletResponse;Ljavax/servlet/FilterChain;)V+147
j  org.apache.catalina.core.ApplicationFilterChain.internalDoFilter(Ljavax/servlet/ServletRequest;Ljavax/servlet/ServletResponse;)V+135
j  org.apache.catalina.core.ApplicationFilterChain.doFilter(Ljavax/servlet/ServletRequest;Ljavax/servlet/ServletResponse;)V+99
j  org.springframework.web.filter.CharacterEncodingFilter.doFilterInternal(Ljavax/servlet/http/HttpServletRequest;Ljavax/servlet/http/HttpServletResponse;Ljavax/servlet/FilterChain;)V+53
j  org.springframework.web.filter.OncePerRequestFilter.doFilter(Ljavax/servlet/ServletRequest;Ljavax/servlet/ServletResponse;Ljavax/servlet/FilterChain;)V+147
j  org.apache.catalina.core.ApplicationFilterChain.internalDoFilter(Ljavax/servlet/ServletRequest;Ljavax/servlet/ServletResponse;)V+135
j  org.apache.catalina.core.ApplicationFilterChain.doFilter(Ljavax/servlet/ServletRequest;Ljavax/servlet/ServletResponse;)V+99
j  org.apache.catalina.core.StandardWrapperValve.invoke(Lorg/apache/catalina/connector/Request;Lorg/apache/catalina/connector/Response;)V+514
j  org.apache.catalina.core.StandardContextValve.invoke(Lorg/apache/catalina/connector/Request;Lorg/apache/catalina/connector/Response;)V+169
j  org.apache.catalina.authenticator.AuthenticatorBase.invoke(Lorg/apache/catalina/connector/Request;Lorg/apache/catalina/connector/Response;)V+260
j  org.apache.catalina.core.StandardHostValve.invoke(Lorg/apache/catalina/connector/Request;Lorg/apache/catalina/connector/Response;)V+128
j  org.apache.catalina.valves.ErrorReportValve.invoke(Lorg/apache/catalina/connector/Request;Lorg/apache/catalina/connector/Response;)V+6
j  org.apache.catalina.core.StandardEngineValve.invoke(Lorg/apache/catalina/connector/Request;Lorg/apache/catalina/connector/Response;)V+59
j  org.apache.catalina.connector.CoyoteAdapter.service(Lorg/apache/coyote/Request;Lorg/apache/coyote/Response;)V+203
j  org.apache.coyote.http11.Http11Processor.service(Lorg/apache/tomcat/util/net/SocketWrapperBase;)Lorg/apache/tomcat/util/net/AbstractEndpoint$Handler$SocketState;+796
j  org.apache.coyote.AbstractProcessorLight.process(Lorg/apache/tomcat/util/net/SocketWrapperBase;Lorg/apache/tomcat/util/net/SocketEvent;)Lorg/apache/tomcat/util/net/AbstractEndpoint$Handler$SocketState;+170
j  org.apache.coyote.AbstractProtocol$ConnectionHandler.process(Lorg/apache/tomcat/util/net/SocketWrapperBase;Lorg/apache/tomcat/util/net/SocketEvent;)Lorg/apache/tomcat/util/net/AbstractEndpoint$Handler$SocketState;+489
j  org.apache.tomcat.util.net.NioEndpoint$SocketProcessor.doRun()V+249
j  org.apache.tomcat.util.net.SocketProcessorBase.run()V+21
j  org.apache.tomcat.util.threads.ThreadPoolExecutor.runWorker(Lorg/apache/tomcat/util/threads/ThreadPoolExecutor$Worker;)V+92
j  org.apache.tomcat.util.threads.ThreadPoolExecutor$Worker.run()V+5
j  org.apache.tomcat.util.threads.TaskThread$WrappingRunnable.run()V+4
j  java.lang.Thread.run()V+11 java.base@17.0.4.1
v  ~StubRoutines::call_stub

siginfo: EXCEPTION_ACCESS_VIOLATION (0xc0000005), writing address 0x000000692911cbd7


Register to memory mapping:

RIP=0x0000000071001508 EcrJava.dll
RAX=0x0000000000720067 is an unknown value
RBX=0x0000000000000066 is an unknown value
RCX=0xfffffdd5e59c8340 is an unknown value
RDX=0x0000000000000065 is an unknown value
RSP=0x00000069289fcb50 is pointing into the stack for thread: 0x0000022a1ca226e0
RBP=0x00000069289fcbd0 is pointing into the stack for thread: 0x0000022a1ca226e0
RSI=0x0000000000000015 is an unknown value
RDI=0x0000000000000020 is an unknown value
R8 =0x7efefefefefefeff is an unknown value
R9 =0x7fff7c6b6b746d39 is an unknown value
R10=0x0000022a1c9f4c50 points into unknown readable memory: 0x6d6f633400013b00 | 00 3b 01 00 34 63 6f 6d
R11=0x8101010101010100 is an unknown value
R12=0x0 is NULL
R13=0x0000022a1ec465d0 is pointing into metadata
R14=0x00000069289fcfa8 is pointing into the stack for thread: 0x0000022a1ca226e0
R15=0x0000022a1ca226e0 is a thread


Registers:
RAX=0x0000000000720067, RBX=0x0000000000000066, RCX=0xfffffdd5e59c8340, RDX=0x0000000000000065
RSP=0x00000069289fcb50, RBP=0x00000069289fcbd0, RSI=0x0000000000000015, RDI=0x0000000000000020
R8 =0x7efefefefefefeff, R9 =0x7fff7c6b6b746d39, R10=0x0000022a1c9f4c50, R11=0x8101010101010100
R12=0x0000000000000000, R13=0x0000022a1ec465d0, R14=0x00000069289fcfa8, R15=0x0000022a1ca226e0
RIP=0x0000000071001508, EFLAGS=0x0000000000010202

Top of Stack: (sp=0x00000069289fcb50)
0x00000069289fcb50:   0000022a78120150 00007ff8ce5bb86b
0x00000069289fcb60:   000000000017003e 000000000000000d
0x00000069289fcb70:   746e756f6d61227b 222c6c6c756e3a22
0x00000069289fcb80:   37223a2265746164 3433323433323638
0x00000069289fcb90:   6163222c22313332 6d416b6361426873
0x00000069289fcba0:   756e3a22746e756f 41657270222c6c6c
0x00000069289fcbb0:   6e756f4d41687475 2c6c6c756e3a2274
0x00000069289fcbc0:   3a22746e69727022 6365222c6c6c756e
0x00000069289fcbd0:   0072006766655272 0000006600000000
0x00000069289fcbe0:   0000000000000000 0000022a1ec465e8
0x00000069289fcbf0:   00000069289fcc80 0000000071001be3
0x00000069289fcc00:   0000022a1a637cc0 00000069289fcda0
0x00000069289fcc10:   00000069289fcd9c 00007ff8ce5bb3c7
0x00000069289fcc20:   0000022a77de0000 0000006900000001
0x00000069289fcc30:   0000000000000041 0000006900000000
0x00000069289fcc40:   0000000071007000 0000000000000000 

Instructions: (pc=0x0000000071001508)
0x0000000071001408:   34 48 89 4c 24 28 e8 bd 22 00 00 e8 48 26 00 00
0x0000000071001418:   4c 8b 44 24 38 8b 54 24 34 48 8b 4c 24 28 48 83
0x0000000071001428:   c4 48 e9 61 fe ff ff 90 55 53 48 81 ec 98 00 00
0x0000000071001438:   00 48 8d ac 24 80 00 00 00 48 89 4d 30 48 89 55
0x0000000071001448:   38 4c 89 45 40 c7 45 0c 00 00 00 00 c7 45 08 00
0x0000000071001458:   00 00 00 c7 45 04 00 00 00 00 48 8d 45 a0 41 b8
0x0000000071001468:   64 00 00 00 ba 00 00 00 00 48 89 c1 e8 87 30 00
0x0000000071001478:   00 c7 45 0c 00 00 00 00 e9 cb 00 00 00 8b 45 0c
0x0000000071001488:   48 63 d0 48 8b 45 30 48 01 d0 0f b6 00 3c 3b 75
0x0000000071001498:   46 8b 45 08 48 98 48 8d 14 c5 00 00 00 00 48 8b
0x00000000710014a8:   45 38 48 8d 1c 02 48 8d 45 a0 48 89 c1 e8 16 30
0x00000000710014b8:   00 00 48 89 03 83 45 08 01 48 8d 45 a0 41 b8 64
0x00000000710014c8:   00 00 00 ba 00 00 00 00 48 89 c1 e8 28 30 00 00
0x00000000710014d8:   c7 45 04 00 00 00 00 8b 45 0c 48 63 d0 48 8b 45
0x00000000710014e8:   30 48 01 d0 0f b6 00 3c 3b 74 59 8b 45 0c 48 63
0x00000000710014f8:   d0 48 8b 45 30 48 01 d0 0f b6 10 8b 45 04 48 98
0x0000000071001508:   88 54 05 a0 83 45 04 01 8b 45 0c 48 63 d0 48 8b
0x0000000071001518:   45 30 48 01 d0 0f b6 00 3c 21 75 28 8b 45 08 48
0x0000000071001528:   98 48 8d 14 c5 00 00 00 00 48 8b 45 38 48 8d 1c
0x0000000071001538:   02 48 8d 45 a0 48 89 c1 e8 8b 2f 00 00 48 89 03
0x0000000071001548:   83 45 08 01 83 45 0c 01 8b 45 0c 48 63 d8 48 8b
0x0000000071001558:   4d 30 e8 a9 2f 00 00 48 39 c3 0f 82 1d ff ff ff
0x0000000071001568:   48 8b 45 40 8b 55 08 89 10 48 81 c4 98 00 00 00
0x0000000071001578:   5b 5d c3 55 48 89 e5 89 4d 10 83 7d 10 1a 0f 87
0x0000000071001588:   17 01 00 00 8b 45 10 48 8d 14 85 00 00 00 00 48
0x0000000071001598:   8d 05 aa 4a 00 00 8b 04 02 48 63 d0 48 8d 05 9d
0x00000000710015a8:   4a 00 00 48 01 d0 ff e0 48 8d 05 49 4a 00 00 e9
0x00000000710015b8:   e8 00 00 00 48 8d 05 40 4a 00 00 e9 dc 00 00 00
0x00000000710015c8:   48 8d 05 37 4a 00 00 e9 d0 00 00 00 48 8d 05 2e
0x00000000710015d8:   4a 00 00 e9 c4 00 00 00 48 8d 05 25 4a 00 00 e9
0x00000000710015e8:   b8 00 00 00 48 8d 05 1c 4a 00 00 e9 ac 00 00 00
0x00000000710015f8:   48 8d 05 13 4a 00 00 e9 a0 00 00 00 48 8d 05 0a 


Stack slot to memory mapping:
stack at sp + 0 slots: 0x0000022a78120150 points into unknown readable memory: 0x0000022a78121b80 | 80 1b 12 78 2a 02 00 00
stack at sp + 1 slots: 0x00007ff8ce5bb86b ntdll.dll
stack at sp + 2 slots: 0x000000000017003e is an unknown value
stack at sp + 3 slots: 0x000000000000000d is an unknown value
stack at sp + 4 slots: 0x746e756f6d61227b is an unknown value
stack at sp + 5 slots: 0x222c6c6c756e3a22 is an unknown value
stack at sp + 6 slots: 0x37223a2265746164 is an unknown value
stack at sp + 7 slots: 0x3433323433323638 is an unknown value


---------------  P R O C E S S  ---------------

Threads class SMR info:
_java_thread_list=0x0000022a1bdc0720, length=29, elements={
0x0000022a7fc51f10, 0x0000022a7fc52c90, 0x0000022a7fc890c0, 0x0000022a7fc990d0,
0x0000022a7fc9cba0, 0x0000022a7fc9a9f0, 0x0000022a7fca4de0, 0x0000022a7fca56e0,
0x0000022a7fcb8fe0, 0x0000022a7fc9aec0, 0x0000022a7fc9b860, 0x0000022a7fc9e3b0,
0x0000022a7fc9da10, 0x0000022a7fc9d070, 0x0000022a7fc9d540, 0x0000022a7fc9dee0,
0x0000022a7fc9b390, 0x0000022a1ca22210, 0x0000022a1ca23a20, 0x0000022a1ca23080,
0x0000022a1ca226e0, 0x0000022a1ca26f10, 0x0000022a1ca25230, 0x0000022a1ca243c0,
0x0000022a1ca22bb0, 0x0000022a1ca23550, 0x0000022a1ca25700, 0x0000022a1ca260a0,
0x0000022a1ca20ed0
}

Java Threads: ( => current thread )
  0x0000022a7fc51f10 JavaThread "Reference Handler" daemon [_thread_blocked, id=20036, stack(0x0000006926d00000,0x0000006926e00000)]
  0x0000022a7fc52c90 JavaThread "Finalizer" daemon [_thread_blocked, id=11424, stack(0x0000006926e00000,0x0000006926f00000)]
  0x0000022a7fc890c0 JavaThread "Signal Dispatcher" daemon [_thread_blocked, id=21544, stack(0x0000006926f00000,0x0000006927000000)]
  0x0000022a7fc990d0 JavaThread "Attach Listener" daemon [_thread_blocked, id=23884, stack(0x0000006927000000,0x0000006927100000)]
  0x0000022a7fc9cba0 JavaThread "Service Thread" daemon [_thread_blocked, id=22092, stack(0x0000006927100000,0x0000006927200000)]
  0x0000022a7fc9a9f0 JavaThread "Monitor Deflation Thread" daemon [_thread_blocked, id=24136, stack(0x0000006927200000,0x0000006927300000)]
  0x0000022a7fca4de0 JavaThread "C2 CompilerThread0" daemon [_thread_blocked, id=5444, stack(0x0000006927300000,0x0000006927400000)]
  0x0000022a7fca56e0 JavaThread "C1 CompilerThread0" daemon [_thread_blocked, id=23588, stack(0x0000006927400000,0x0000006927500000)]
  0x0000022a7fcb8fe0 JavaThread "Sweeper thread" daemon [_thread_blocked, id=24572, stack(0x0000006927500000,0x0000006927600000)]
  0x0000022a7fc9aec0 JavaThread "Notification Thread" daemon [_thread_blocked, id=12204, stack(0x0000006927600000,0x0000006927700000)]
  0x0000022a7fc9b860 JavaThread "Common-Cleaner" daemon [_thread_blocked, id=21732, stack(0x0000006927800000,0x0000006927900000)]
  0x0000022a7fc9e3b0 JavaThread "Catalina-utility-1" [_thread_blocked, id=21752, stack(0x0000006928000000,0x0000006928100000)]
  0x0000022a7fc9da10 JavaThread "Catalina-utility-2" [_thread_blocked, id=22116, stack(0x0000006928100000,0x0000006928200000)]
  0x0000022a7fc9d070 JavaThread "container-0" [_thread_blocked, id=3536, stack(0x0000006928200000,0x0000006928300000)]
  0x0000022a7fc9d540 JavaThread "File Watcher" daemon [_thread_blocked, id=13376, stack(0x0000006928300000,0x0000006928400000)]
  0x0000022a7fc9dee0 JavaThread "Live Reload Server" daemon [_thread_in_native, id=1548, stack(0x0000006928500000,0x0000006928600000)]
  0x0000022a7fc9b390 JavaThread "http-nio-9099-exec-1" daemon [_thread_blocked, id=6668, stack(0x0000006928400000,0x0000006928500000)]
  0x0000022a1ca22210 JavaThread "http-nio-9099-exec-2" daemon [_thread_blocked, id=23056, stack(0x0000006928600000,0x0000006928700000)]
  0x0000022a1ca23a20 JavaThread "http-nio-9099-exec-3" daemon [_thread_blocked, id=22204, stack(0x0000006928700000,0x0000006928800000)]
  0x0000022a1ca23080 JavaThread "http-nio-9099-exec-4" daemon [_thread_blocked, id=20652, stack(0x0000006928800000,0x0000006928900000)]
=>0x0000022a1ca226e0 JavaThread "http-nio-9099-exec-5" daemon [_thread_in_native, id=14264, stack(0x0000006928900000,0x0000006928a00000)]
  0x0000022a1ca26f10 JavaThread "http-nio-9099-exec-6" daemon [_thread_blocked, id=22800, stack(0x0000006928a00000,0x0000006928b00000)]
  0x0000022a1ca25230 JavaThread "http-nio-9099-exec-7" daemon [_thread_blocked, id=6456, stack(0x0000006928b00000,0x0000006928c00000)]
  0x0000022a1ca243c0 JavaThread "http-nio-9099-exec-8" daemon [_thread_blocked, id=3596, stack(0x0000006928c00000,0x0000006928d00000)]
  0x0000022a1ca22bb0 JavaThread "http-nio-9099-exec-9" daemon [_thread_blocked, id=22820, stack(0x0000006928d00000,0x0000006928e00000)]
  0x0000022a1ca23550 JavaThread "http-nio-9099-exec-10" daemon [_thread_blocked, id=13796, stack(0x0000006928e00000,0x0000006928f00000)]
  0x0000022a1ca25700 JavaThread "http-nio-9099-Poller" daemon [_thread_in_native, id=19508, stack(0x0000006928f00000,0x0000006929000000)]
  0x0000022a1ca260a0 JavaThread "http-nio-9099-Acceptor" daemon [_thread_in_native, id=23128, stack(0x0000006929000000,0x0000006929100000)]
  0x0000022a1ca20ed0 JavaThread "DestroyJavaVM" [_thread_blocked, id=10732, stack(0x0000006926600000,0x0000006926700000)]

Other Threads:
  0x0000022a7fc3c280 VMThread "VM Thread" [stack: 0x0000006926c00000,0x0000006926d00000] [id=6164]
  0x0000022a7fe19400 WatcherThread [stack: 0x0000006927700000,0x0000006927800000] [id=23144]
  0x0000022a7a0d1600 GCTaskThread "GC Thread#0" [stack: 0x0000006926700000,0x0000006926800000] [id=10660]
  0x0000022a19502340 GCTaskThread "GC Thread#1" [stack: 0x0000006927900000,0x0000006927a00000] [id=24556]
  0x0000022a195025f0 GCTaskThread "GC Thread#2" [stack: 0x0000006927a00000,0x0000006927b00000] [id=11888]
  0x0000022a191ccc40 GCTaskThread "GC Thread#3" [stack: 0x0000006927b00000,0x0000006927c00000] [id=20564]
  0x0000022a7a0e2670 ConcurrentGCThread "G1 Main Marker" [stack: 0x0000006926800000,0x0000006926900000] [id=5524]
  0x0000022a7a0e3fa0 ConcurrentGCThread "G1 Conc#0" [stack: 0x0000006926900000,0x0000006926a00000] [id=7304]
  0x0000022a7a11d8b0 ConcurrentGCThread "G1 Refine#0" [stack: 0x0000006926a00000,0x0000006926b00000] [id=22500]
  0x0000022a194d0c50 ConcurrentGCThread "G1 Refine#1" [stack: 0x0000006927c00000,0x0000006927d00000] [id=6140]
  0x0000022a7a11e1e0 ConcurrentGCThread "G1 Service" [stack: 0x0000006926b00000,0x0000006926c00000] [id=14176]

Threads with active compile tasks:

VM state: not at safepoint (normal execution)

VM Mutex/Monitor currently owned by a thread: None

Heap address: 0x0000000705800000, size: 4008 MB, Compressed Oops mode: Zero based, Oop shift amount: 3

CDS archive(s) not mapped
Compressed class space mapped at: 0x0000000800000000-0x0000000840000000, reserved size: 1073741824
Narrow klass base: 0x0000000800000000, Narrow klass shift: 0, Narrow klass range: 0x40000000

GC Precious Log:
 CPUs: 4 total, 4 available
 Memory: 16024M
 Large Page Support: Disabled
 NUMA Support: Disabled
 Compressed Oops: Enabled (Zero based)
 Heap Region Size: 2M
 Heap Min Capacity: 8M
 Heap Initial Capacity: 252M
 Heap Max Capacity: 4008M
 Pre-touch: Disabled
 Parallel Workers: 4
 Concurrent Workers: 1
 Concurrent Refinement Workers: 4
 Periodic GC: Disabled

Heap:
 garbage-first heap   total 40960K, used 26601K [0x0000000705800000, 0x0000000800000000)
  region size 2048K, 9 young (18432K), 1 survivors (2048K)
 Metaspace       used 41674K, committed 41920K, reserved 1089536K
  class space    used 4816K, committed 4928K, reserved 1048576K

Heap Regions: E=young(eden), S=young(survivor), O=old, HS=humongous(starts), HC=humongous(continues), CS=collection set, F=free, OA=open archive, CA=closed archive, TAMS=top-at-mark-start (previous, next)
|   0|0x0000000705800000, 0x0000000705a00000, 0x0000000705a00000|100%| O|  |TAMS 0x0000000705a00000, 0x0000000705800000| Untracked 
|   1|0x0000000705a00000, 0x0000000705c00000, 0x0000000705c00000|100%| O|  |TAMS 0x0000000705c00000, 0x0000000705a00000| Untracked 
|   2|0x0000000705c00000, 0x0000000705e00000, 0x0000000705e00000|100%| O|  |TAMS 0x0000000705e00000, 0x0000000705c00000| Untracked 
|   3|0x0000000705e00000, 0x0000000705e00000, 0x0000000706000000|  0%| F|  |TAMS 0x0000000705e00000, 0x0000000705e00000| Untracked 
|   4|0x0000000706000000, 0x0000000706200000, 0x0000000706200000|100%| O|  |TAMS 0x0000000706200000, 0x0000000706000000| Untracked 
|   5|0x0000000706200000, 0x0000000706400000, 0x0000000706400000|100%| O|  |TAMS 0x0000000706345400, 0x0000000706200000| Untracked 
|   6|0x0000000706400000, 0x0000000706600000, 0x0000000706600000|100%| O|  |TAMS 0x0000000706400000, 0x0000000706400000| Untracked 
|   7|0x0000000706600000, 0x00000007067cd200, 0x0000000706800000| 90%| O|  |TAMS 0x0000000706600000, 0x0000000706600000| Untracked 
|   8|0x0000000706800000, 0x0000000706800000, 0x0000000706a00000|  0%| F|  |TAMS 0x0000000706800000, 0x0000000706800000| Untracked 
|   9|0x0000000706a00000, 0x0000000706a00000, 0x0000000706c00000|  0%| F|  |TAMS 0x0000000706a00000, 0x0000000706a00000| Untracked 
|  10|0x0000000706c00000, 0x0000000706c00000, 0x0000000706e00000|  0%| F|  |TAMS 0x0000000706c00000, 0x0000000706c00000| Untracked 
|  11|0x0000000706e00000, 0x0000000706e2d280, 0x0000000707000000|  8%| S|CS|TAMS 0x0000000706e00000, 0x0000000706e00000| Complete 
|  12|0x0000000707000000, 0x00000007070ebca8, 0x0000000707200000| 46%| E|  |TAMS 0x0000000707000000, 0x0000000707000000| Complete 
|  13|0x0000000707200000, 0x0000000707400000, 0x0000000707400000|100%| E|CS|TAMS 0x0000000707200000, 0x0000000707200000| Complete 
|  14|0x0000000707400000, 0x0000000707600000, 0x0000000707600000|100%| E|CS|TAMS 0x0000000707400000, 0x0000000707400000| Complete 
|  15|0x0000000707600000, 0x0000000707800000, 0x0000000707800000|100%| E|CS|TAMS 0x0000000707600000, 0x0000000707600000| Complete 
|  16|0x0000000707800000, 0x0000000707a00000, 0x0000000707a00000|100%| E|CS|TAMS 0x0000000707800000, 0x0000000707800000| Complete 
| 123|0x0000000714e00000, 0x0000000714fffe90, 0x0000000715000000| 99%| E|  |TAMS 0x0000000714e00000, 0x0000000714e00000| Complete 
| 124|0x0000000715000000, 0x0000000715200000, 0x0000000715200000|100%| E|CS|TAMS 0x0000000715000000, 0x0000000715000000| Complete 
| 125|0x0000000715200000, 0x0000000715400000, 0x0000000715400000|100%| E|CS|TAMS 0x0000000715200000, 0x0000000715200000| Complete 

Card table byte_map: [0x0000022a7def0000,0x0000022a7e6d0000] _byte_map_base: 0x0000022a7a6c4000

Marking Bits (Prev, Next): (CMBitMap*) 0x0000022a7a0d1b20, (CMBitMap*) 0x0000022a7a0d1b60
 Prev Bits: [0x0000022a0f000000, 0x0000022a12ea0000)
 Next Bits: [0x0000022a12ea0000, 0x0000022a16d40000)

Polling page: 0x0000022a77cb0000

Metaspace:

Usage:
  Non-class:     36.00 MB used.
      Class:      4.70 MB used.
       Both:     40.70 MB used.

Virtual space:
  Non-class space:       40.00 MB reserved,      36.12 MB ( 90%) committed,  5 nodes.
      Class space:        1.00 GB reserved,       4.81 MB ( <1%) committed,  1 nodes.
             Both:        1.04 GB reserved,      40.94 MB (  4%) committed. 

Chunk freelists:
   Non-Class:  3.58 MB
       Class:  3.19 MB
        Both:  6.77 MB

MaxMetaspaceSize: unlimited
CompressedClassSpaceSize: 1.00 GB
Initial GC threshold: 21.00 MB
Current GC threshold: 58.88 MB
CDS: off
MetaspaceReclaimPolicy: balanced
 - commit_granule_bytes: 65536.
 - commit_granule_words: 8192.
 - virtual_space_node_default_size: 1048576.
 - enlarge_chunks_in_place: 1.
 - new_chunks_are_fully_committed: 0.
 - uncommit_free_chunks: 1.
 - use_allocation_guard: 0.
 - handle_deallocations: 1.


Internal statistics:

num_allocs_failed_limit: 6.
num_arena_births: 322.
num_arena_deaths: 0.
num_vsnodes_births: 6.
num_vsnodes_deaths: 0.
num_space_committed: 655.
num_space_uncommitted: 0.
num_chunks_returned_to_freelist: 6.
num_chunks_taken_from_freelist: 1441.
num_chunk_merges: 6.
num_chunk_splits: 978.
num_chunks_enlarged: 738.
num_purges: 0.
num_inconsistent_stats: 0.

CodeHeap 'non-profiled nmethods': size=120000Kb used=2163Kb max_used=2163Kb free=117836Kb
 bounds [0x0000022a07ad0000, 0x0000022a07d40000, 0x0000022a0f000000]
CodeHeap 'profiled nmethods': size=120000Kb used=9423Kb max_used=9423Kb free=110576Kb
 bounds [0x0000022a005a0000, 0x0000022a00ee0000, 0x0000022a07ad0000]
CodeHeap 'non-nmethods': size=5760Kb used=1235Kb max_used=1317Kb free=4524Kb
 bounds [0x0000022a00000000, 0x0000022a00270000, 0x0000022a005a0000]
 total_blobs=4740 nmethods=4195 adapters=457
 compilation: enabled
              stopped_count=0, restarted_count=0
 full_count=0

Compilation events (20 events):
Event: 396.662 Thread 0x0000022a7fca56e0 4192       3       java.lang.reflect.Method::getGenericReturnType (20 bytes)
Event: 396.663 Thread 0x0000022a7fca56e0 nmethod 4192 0x0000022a00ed1690 code [0x0000022a00ed1940, 0x0000022a00ed2a98]
Event: 396.663 Thread 0x0000022a7fca56e0 4193       1       com.fasterxml.jackson.databind.cfg.BaseSettings::getTypeFactory (5 bytes)
Event: 396.663 Thread 0x0000022a7fca56e0 nmethod 4193 0x0000022a07ceb790 code [0x0000022a07ceb920, 0x0000022a07ceb9f8]
Event: 396.664 Thread 0x0000022a7fca56e0 4194       1       com.fasterxml.jackson.databind.PropertyName::getSimpleName (5 bytes)
Event: 396.664 Thread 0x0000022a7fca56e0 nmethod 4194 0x0000022a07ceba90 code [0x0000022a07cebc20, 0x0000022a07cebcf8]
Event: 396.664 Thread 0x0000022a7fca56e0 4195       1       com.fasterxml.jackson.databind.AnnotationIntrospector::findWrapperName (2 bytes)
Event: 396.664 Thread 0x0000022a7fca56e0 nmethod 4195 0x0000022a07cebd90 code [0x0000022a07cebf20, 0x0000022a07cebff8]
Event: 396.664 Thread 0x0000022a7fca56e0 4197       1       com.fasterxml.jackson.databind.JavaType::hashCode (5 bytes)
Event: 396.664 Thread 0x0000022a7fca56e0 nmethod 4197 0x0000022a07cec090 code [0x0000022a07cec220, 0x0000022a07cec2f8]
Event: 396.664 Thread 0x0000022a7fca56e0 4196       1       com.fasterxml.jackson.databind.introspect.BasicBeanDescription::getClassInfo (5 bytes)
Event: 396.664 Thread 0x0000022a7fca56e0 nmethod 4196 0x0000022a07cec390 code [0x0000022a07cec520, 0x0000022a07cec5f8]
Event: 396.665 Thread 0x0000022a7fca56e0 4198       3       org.springframework.boot.ansi.AnsiOutput::buildDisabled (47 bytes)
Event: 396.666 Thread 0x0000022a7fca56e0 nmethod 4198 0x0000022a00ed3010 code [0x0000022a00ed3200, 0x0000022a00ed37f8]
Event: 396.666 Thread 0x0000022a7fca56e0 4199       1       java.util.logging.LogRecord::getLevel (5 bytes)
Event: 396.666 Thread 0x0000022a7fca56e0 nmethod 4199 0x0000022a07cec690 code [0x0000022a07cec820, 0x0000022a07cec8f8]
Event: 396.666 Thread 0x0000022a7fca56e0 4200       1       java.util.logging.LogRecord::getMessage (5 bytes)
Event: 396.666 Thread 0x0000022a7fca56e0 nmethod 4200 0x0000022a07cec990 code [0x0000022a07cecb20, 0x0000022a07cecbf8]
Event: 396.674 Thread 0x0000022a7fca56e0 4201       3       java.io.BufferedOutputStream::flushBuffer (29 bytes)
Event: 396.675 Thread 0x0000022a7fca56e0 nmethod 4201 0x0000022a00ed3a10 code [0x0000022a00ed3bc0, 0x0000022a00ed3e08]

GC Heap History (20 events):
Event: 2.095 GC heap before
{Heap before GC invocations=3 (full 0):
 garbage-first heap   total 258048K, used 6338K [0x0000000705800000, 0x0000000800000000)
  region size 2048K, 3 young (6144K), 2 survivors (4096K)
 Metaspace       used 21335K, committed 21504K, reserved 1073152K
  class space    used 2284K, committed 2368K, reserved 1048576K
}
Event: 2.098 GC heap after
{Heap after GC invocations=4 (full 0):
 garbage-first heap   total 258048K, used 6478K [0x0000000705800000, 0x0000000800000000)
  region size 2048K, 2 young (4096K), 2 survivors (4096K)
 Metaspace       used 21335K, committed 21504K, reserved 1073152K
  class space    used 2284K, committed 2368K, reserved 1048576K
}
Event: 2.668 GC heap before
{Heap before GC invocations=5 (full 0):
 garbage-first heap   total 40960K, used 26958K [0x0000000705800000, 0x0000000800000000)
  region size 2048K, 12 young (24576K), 2 survivors (4096K)
 Metaspace       used 24531K, committed 24768K, reserved 1073152K
  class space    used 2722K, committed 2816K, reserved 1048576K
}
Event: 2.672 GC heap after
{Heap after GC invocations=6 (full 0):
 garbage-first heap   total 40960K, used 7887K [0x0000000705800000, 0x0000000800000000)
  region size 2048K, 2 young (4096K), 2 survivors (4096K)
 Metaspace       used 24531K, committed 24768K, reserved 1073152K
  class space    used 2722K, committed 2816K, reserved 1048576K
}
Event: 2.734 GC heap before
{Heap before GC invocations=6 (full 0):
 garbage-first heap   total 40960K, used 9935K [0x0000000705800000, 0x0000000800000000)
  region size 2048K, 3 young (6144K), 2 survivors (4096K)
 Metaspace       used 24655K, committed 24896K, reserved 1073152K
  class space    used 2730K, committed 2880K, reserved 1048576K
}
Event: 2.738 GC heap after
{Heap after GC invocations=7 (full 0):
 garbage-first heap   total 40960K, used 8168K [0x0000000705800000, 0x0000000800000000)
  region size 2048K, 1 young (2048K), 1 survivors (2048K)
 Metaspace       used 24655K, committed 24896K, reserved 1073152K
  class space    used 2730K, committed 2880K, reserved 1048576K
}
Event: 3.286 GC heap before
{Heap before GC invocations=7 (full 0):
 garbage-first heap   total 40960K, used 26600K [0x0000000705800000, 0x0000000800000000)
  region size 2048K, 10 young (20480K), 1 survivors (2048K)
 Metaspace       used 28177K, committed 28416K, reserved 1081344K
  class space    used 3186K, committed 3264K, reserved 1048576K
}
Event: 3.290 GC heap after
{Heap after GC invocations=8 (full 0):
 garbage-first heap   total 40960K, used 9378K [0x0000000705800000, 0x0000000800000000)
  region size 2048K, 1 young (2048K), 1 survivors (2048K)
 Metaspace       used 28177K, committed 28416K, reserved 1081344K
  class space    used 3186K, committed 3264K, reserved 1048576K
}
Event: 3.943 GC heap before
{Heap before GC invocations=8 (full 0):
 garbage-first heap   total 40960K, used 25762K [0x0000000705800000, 0x0000000800000000)
  region size 2048K, 10 young (20480K), 1 survivors (2048K)
 Metaspace       used 32367K, committed 32576K, reserved 1081344K
  class space    used 3691K, committed 3776K, reserved 1048576K
}
Event: 3.948 GC heap after
{Heap after GC invocations=9 (full 0):
 garbage-first heap   total 40960K, used 11611K [0x0000000705800000, 0x0000000800000000)
  region size 2048K, 2 young (4096K), 2 survivors (4096K)
 Metaspace       used 32367K, committed 32576K, reserved 1081344K
  class space    used 3691K, committed 3776K, reserved 1048576K
}
Event: 4.475 GC heap before
{Heap before GC invocations=9 (full 0):
 garbage-first heap   total 40960K, used 27995K [0x0000000705800000, 0x0000000800000000)
  region size 2048K, 10 young (20480K), 2 survivors (4096K)
 Metaspace       used 35678K, committed 35968K, reserved 1081344K
  class space    used 4079K, committed 4224K, reserved 1048576K
}
Event: 4.481 GC heap after
{Heap after GC invocations=10 (full 0):
 garbage-first heap   total 40960K, used 13262K [0x0000000705800000, 0x0000000800000000)
  region size 2048K, 1 young (2048K), 1 survivors (2048K)
 Metaspace       used 35678K, committed 35968K, reserved 1081344K
  class space    used 4079K, committed 4224K, reserved 1048576K
}
Event: 4.489 GC heap before
{Heap before GC invocations=10 (full 0):
 garbage-first heap   total 40960K, used 13262K [0x0000000705800000, 0x0000000800000000)
  region size 2048K, 2 young (4096K), 1 survivors (2048K)
 Metaspace       used 35730K, committed 35968K, reserved 1081344K
  class space    used 4086K, committed 4224K, reserved 1048576K
}
Event: 4.492 GC heap after
{Heap after GC invocations=11 (full 0):
 garbage-first heap   total 40960K, used 13036K [0x0000000705800000, 0x0000000800000000)
  region size 2048K, 1 young (2048K), 1 survivors (2048K)
 Metaspace       used 35730K, committed 35968K, reserved 1081344K
  class space    used 4086K, committed 4224K, reserved 1048576K
}
Event: 5.020 GC heap before
{Heap before GC invocations=12 (full 0):
 garbage-first heap   total 40960K, used 29420K [0x0000000705800000, 0x0000000800000000)
  region size 2048K, 9 young (18432K), 1 survivors (2048K)
 Metaspace       used 38612K, committed 38976K, reserved 1089536K
  class space    used 4453K, committed 4608K, reserved 1048576K
}
Event: 5.025 GC heap after
{Heap after GC invocations=13 (full 0):
 garbage-first heap   total 40960K, used 14779K [0x0000000705800000, 0x0000000800000000)
  region size 2048K, 2 young (4096K), 2 survivors (4096K)
 Metaspace       used 38612K, committed 38976K, reserved 1089536K
  class space    used 4453K, committed 4608K, reserved 1048576K
}
Event: 33.125 GC heap before
{Heap before GC invocations=13 (full 0):
 garbage-first heap   total 40960K, used 16827K [0x0000000705800000, 0x0000000800000000)
  region size 2048K, 3 young (6144K), 2 survivors (4096K)
 Metaspace       used 38746K, committed 39040K, reserved 1089536K
  class space    used 4469K, committed 4608K, reserved 1048576K
}
Event: 33.139 GC heap after
{Heap after GC invocations=14 (full 0):
 garbage-first heap   total 40960K, used 14640K [0x0000000705800000, 0x0000000800000000)
  region size 2048K, 1 young (2048K), 1 survivors (2048K)
 Metaspace       used 38746K, committed 39040K, reserved 1089536K
  class space    used 4469K, committed 4608K, reserved 1048576K
}
Event: 289.160 GC heap before
{Heap before GC invocations=14 (full 0):
 garbage-first heap   total 40960K, used 28976K [0x0000000705800000, 0x0000000800000000)
  region size 2048K, 8 young (16384K), 1 survivors (2048K)
 Metaspace       used 38835K, committed 39168K, reserved 1089536K
  class space    used 4469K, committed 4608K, reserved 1048576K
}
Event: 289.162 GC heap after
{Heap after GC invocations=15 (full 0):
 garbage-first heap   total 40960K, used 14313K [0x0000000705800000, 0x0000000800000000)
  region size 2048K, 1 young (2048K), 1 survivors (2048K)
 Metaspace       used 38835K, committed 39168K, reserved 1089536K
  class space    used 4469K, committed 4608K, reserved 1048576K
}

Deoptimization events (20 events):
Event: 372.594 Thread 0x0000022a1ca22210 Uncommon trap: trap_request=0xffffff45 fr.pc=0x0000022a07afa824 relative=0x0000000000000564
Event: 372.594 Thread 0x0000022a1ca22210 Uncommon trap: reason=unstable_if action=reinterpret pc=0x0000022a07afa824 method=java.lang.AbstractStringBuilder.putStringAt(ILjava/lang/String;II)V @ 8 c2
Event: 372.594 Thread 0x0000022a1ca22210 DEOPT PACKING pc=0x0000022a07afa824 sp=0x00000069286fc7b0
Event: 372.594 Thread 0x0000022a1ca22210 DEOPT UNPACKING pc=0x0000022a000523a3 sp=0x00000069286fc6a0 mode 2
Event: 372.595 Thread 0x0000022a1ca22210 Uncommon trap: trap_request=0xffffff45 fr.pc=0x0000022a07afb080 relative=0x0000000000000160
Event: 372.595 Thread 0x0000022a1ca22210 Uncommon trap: reason=unstable_if action=reinterpret pc=0x0000022a07afb080 method=java.lang.AbstractStringBuilder.putStringAt(ILjava/lang/String;II)V @ 8 c2
Event: 372.595 Thread 0x0000022a1ca22210 DEOPT PACKING pc=0x0000022a07afb080 sp=0x00000069286fc2d0
Event: 372.595 Thread 0x0000022a1ca22210 DEOPT UNPACKING pc=0x0000022a000523a3 sp=0x00000069286fc270 mode 2
Event: 372.651 Thread 0x0000022a1ca22210 Uncommon trap: trap_request=0xffffff45 fr.pc=0x0000022a07afce28 relative=0x0000000000000568
Event: 372.651 Thread 0x0000022a1ca22210 Uncommon trap: reason=unstable_if action=reinterpret pc=0x0000022a07afce28 method=java.lang.AbstractStringBuilder.putStringAt(ILjava/lang/String;II)V @ 8 c2
Event: 372.651 Thread 0x0000022a1ca22210 DEOPT PACKING pc=0x0000022a07afce28 sp=0x00000069286fcd50
Event: 372.651 Thread 0x0000022a1ca22210 DEOPT UNPACKING pc=0x0000022a000523a3 sp=0x00000069286fcbd8 mode 2
Event: 372.652 Thread 0x0000022a1ca22210 Uncommon trap: trap_request=0xffffff45 fr.pc=0x0000022a07b201c4 relative=0x0000000000000624
Event: 372.652 Thread 0x0000022a1ca22210 Uncommon trap: reason=unstable_if action=reinterpret pc=0x0000022a07b201c4 method=java.lang.String.replace(CC)Ljava/lang/String; @ 9 c2
Event: 372.652 Thread 0x0000022a1ca22210 DEOPT PACKING pc=0x0000022a07b201c4 sp=0x00000069286fcd60
Event: 372.652 Thread 0x0000022a1ca22210 DEOPT UNPACKING pc=0x0000022a000523a3 sp=0x00000069286fcd18 mode 2
Event: 379.532 Thread 0x0000022a7fc9b390 Uncommon trap: trap_request=0xffffffcc fr.pc=0x0000022a07ce5988 relative=0x0000000000000368
Event: 379.532 Thread 0x0000022a7fc9b390 Uncommon trap: reason=intrinsic_or_type_checked_inlining action=make_not_entrant pc=0x0000022a07ce5988 method=java.util.Arrays.copyOf([Ljava/lang/Object;ILjava/lang/Class;)[Ljava/lang/Object; @ 35 c2
Event: 379.532 Thread 0x0000022a7fc9b390 DEOPT PACKING pc=0x0000022a07ce5988 sp=0x00000069284fc7c0
Event: 379.532 Thread 0x0000022a7fc9b390 DEOPT UNPACKING pc=0x0000022a000523a3 sp=0x00000069284fc768 mode 2

Classes unloaded (0 events):
No events

Classes redefined (0 events):
No events

Internal exceptions (20 events):
Event: 4.534 Thread 0x0000022a7fc9c6d0 Exception <a 'java/lang/ClassNotFoundException'{0x00000007152baa40}: org/springframework/web/servlet/config/annotation/WebMvcConfigurationSupportCustomizer> (0x00000007152baa40) 
thrown [s\src\hotspot\share\classfile\systemDictionary.cpp, line 256]
Event: 4.536 Thread 0x0000022a7fc9c6d0 Exception <a 'java/lang/ClassNotFoundException'{0x00000007152d0080}: org/springframework/web/servlet/config/annotation/DelegatingWebMvcConfigurationCustomizer> (0x00000007152d0080) 
thrown [s\src\hotspot\share\classfile\systemDictionary.cpp, line 256]
Event: 4.537 Thread 0x0000022a7fc9c6d0 Exception <a 'java/lang/ClassNotFoundException'{0x00000007152daf58}: org/springframework/boot/autoconfigure/web/servlet/WebMvcAutoConfiguration$EnableWebMvcConfigurationCustomizer> (0x00000007152daf58) 
thrown [s\src\hotspot\share\classfile\systemDictionary.cpp, line 256]
Event: 4.539 Thread 0x0000022a7fc9c6d0 Exception <a 'java/lang/ClassNotFoundException'{0x00000007152ef658}: org/springframework/context/ResourceLoaderAwareCustomizer> (0x00000007152ef658) 
thrown [s\src\hotspot\share\classfile\systemDictionary.cpp, line 256]
Event: 4.540 Thread 0x0000022a7fc9c6d0 Exception <a 'java/lang/ClassNotFoundException'{0x00000007152f5978}: org/springframework/beans/factory/AwareCustomizer> (0x00000007152f5978) 
thrown [s\src\hotspot\share\classfile\systemDictionary.cpp, line 256]
Event: 4.540 Thread 0x0000022a7fc9c6d0 Exception <a 'java/lang/ClassNotFoundException'{0x00000007152fb150}: org/springframework/context/ApplicationContextAwareCustomizer> (0x00000007152fb150) 
thrown [s\src\hotspot\share\classfile\systemDictionary.cpp, line 256]
Event: 4.541 Thread 0x0000022a7fc9c6d0 Exception <a 'java/lang/ClassNotFoundException'{0x0000000715301f70}: org/springframework/beans/factory/AwareCustomizer> (0x0000000715301f70) 
thrown [s\src\hotspot\share\classfile\systemDictionary.cpp, line 256]
Event: 4.541 Thread 0x0000022a7fc9c6d0 Exception <a 'java/lang/ClassNotFoundException'{0x0000000715307720}: org/springframework/web/context/ServletContextAwareCustomizer> (0x0000000715307720) 
thrown [s\src\hotspot\share\classfile\systemDictionary.cpp, line 256]
Event: 4.542 Thread 0x0000022a7fc9c6d0 Exception <a 'java/lang/ClassNotFoundException'{0x000000071530de78}: org/springframework/beans/factory/AwareCustomizer> (0x000000071530de78) 
thrown [s\src\hotspot\share\classfile\systemDictionary.cpp, line 256]
Event: 4.664 Thread 0x0000022a7fc9c6d0 Exception <a 'java/lang/NoSuchMethodError'{0x0000000707945078}: 'void java.lang.invoke.DirectMethodHandle$Holder.invokeVirtual(java.lang.Object, java.lang.Object, int)'> (0x0000000707945078) 
thrown [s\src\hotspot\share\interpreter\linkResolver.cpp, line 759]
Event: 4.666 Thread 0x0000022a7fc9c6d0 Exception <a 'java/lang/NoSuchMethodError'{0x000000070795fc28}: 'void java.lang.invoke.DirectMethodHandle$Holder.invokeVirtual(java.lang.Object, java.lang.Object, long)'> (0x000000070795fc28) 
thrown [s\src\hotspot\share\interpreter\linkResolver.cpp, line 759]
Event: 4.816 Thread 0x0000022a7fc9c6d0 Exception <a 'java/lang/IncompatibleClassChangeError'{0x0000000707231630}: Found class java.lang.Object, but interface was expected> (0x0000000707231630) 
thrown [s\src\hotspot\share\interpreter\linkResolver.cpp, line 826]
Event: 4.854 Thread 0x0000022a7fc9c6d0 Exception <a 'java/lang/NoSuchMethodError'{0x000000070736ca48}: 'int java.lang.invoke.DirectMethodHandle$Holder.invokeStaticInit(java.lang.Object, java.lang.Object, java.lang.Object, java.lang.Object)'> (0x000000070736ca48) 
thrown [s\src\hotspot\share\interpreter\linkResolver.cpp, line 759]
Event: 4.951 Thread 0x0000022a7fc9c6d0 Exception <a 'java/lang/NoSuchMethodError'{0x000000070719bf30}: 'java.lang.Object java.lang.invoke.DirectMethodHandle$Holder.newInvokeSpecial(java.lang.Object, java.lang.Object, int, java.lang.Object, java.lang.Object)'> (0x000000070719bf30) 
thrown [s\src\hotspot\share\interpreter\linkResolver.cpp, line 759]
Event: 4.952 Thread 0x0000022a7fc9c6d0 Exception <a 'java/lang/NoSuchMethodError'{0x00000007071a7780}: 'java.lang.Object java.lang.invoke.DirectMethodHandle$Holder.invokeSpecial(java.lang.Object, java.lang.Object, int, java.lang.Object, int, java.lang.Object)'> (0x00000007071a7780) 
thrown [s\src\hotspot\share\interpreter\linkResolver.cpp, line 759]
Event: 4.953 Thread 0x0000022a7fc9c6d0 Exception <a 'java/lang/NoSuchMethodError'{0x00000007071afa78}: 'java.lang.Object java.lang.invoke.DirectMethodHandle$Holder.newInvokeSpecial(java.lang.Object, java.lang.Object, int, java.lang.Object, int)'> (0x00000007071afa78) 
thrown [s\src\hotspot\share\interpreter\linkResolver.cpp, line 759]
Event: 4.953 Thread 0x0000022a7fc9c6d0 Exception <a 'java/lang/NoSuchMethodError'{0x00000007071b3b78}: 'java.lang.Object java.lang.invoke.DirectMethodHandle$Holder.invokeSpecial(java.lang.Object, java.lang.Object, java.lang.Object, int, java.lang.Object, int)'> (0x00000007071b3b78) 
thrown [s\src\hotspot\share\interpreter\linkResolver.cpp, line 759]
Event: 4.954 Thread 0x0000022a7fc9c6d0 Exception <a 'java/lang/NoSuchMethodError'{0x00000007071bd7b0}: 'void java.lang.invoke.DirectMethodHandle$Holder.invokeVirtual(java.lang.Object, java.lang.Object)'> (0x00000007071bd7b0) 
thrown [s\src\hotspot\share\interpreter\linkResolver.cpp, line 759]
Event: 5.013 Thread 0x0000022a7fc9c6d0 Implicit null exception at 0x0000022a07c77360 to 0x0000022a07c773dc
Event: 342.509 Thread 0x0000022a1ca23a20 Implicit null exception at 0x0000022a07bde8c0 to 0x0000022a07bdeadc

VM Operations (20 events):
Event: 342.221 Executing VM operation: HandshakeAllThreads
Event: 342.221 Executing VM operation: HandshakeAllThreads done
Event: 342.221 Executing VM operation: Cleanup
Event: 342.221 Executing VM operation: Cleanup done
Event: 342.245 Executing VM operation: HandshakeAllThreads
Event: 342.245 Executing VM operation: HandshakeAllThreads done
Event: 342.265 Executing VM operation: HandshakeAllThreads
Event: 342.265 Executing VM operation: HandshakeAllThreads done
Event: 342.307 Executing VM operation: HandshakeAllThreads
Event: 342.307 Executing VM operation: HandshakeAllThreads done
Event: 342.490 Executing VM operation: HandshakeAllThreads
Event: 342.490 Executing VM operation: HandshakeAllThreads done
Event: 342.513 Executing VM operation: HandshakeAllThreads
Event: 342.513 Executing VM operation: HandshakeAllThreads done
Event: 343.521 Executing VM operation: Cleanup
Event: 343.522 Executing VM operation: Cleanup done
Event: 372.761 Executing VM operation: Cleanup
Event: 372.761 Executing VM operation: Cleanup done
Event: 379.820 Executing VM operation: Cleanup
Event: 379.821 Executing VM operation: Cleanup done

Events (20 events):
Event: 342.513 loading class sun/nio/cs/ISO_8859_1$Encoder done
Event: 342.513 loading class sun/nio/cs/Surrogate$Parser
Event: 342.513 loading class sun/nio/cs/Surrogate$Parser done
Event: 342.513 loading class sun/nio/cs/Surrogate
Event: 342.513 loading class sun/nio/cs/Surrogate done
Event: 342.514 Thread 0x0000022a1db83050 Thread added: 0x0000022a1db83050
Event: 347.560 Thread 0x0000022a1db83050 Thread exited: 0x0000022a1db83050
Event: 372.591 Loaded shared library C:\Hemanth\skyBand\ecr-service\EcrJava.dll
Event: 372.591 loading class jdk/internal/loader/NativeLibraries$Unloader
Event: 372.592 loading class jdk/internal/loader/NativeLibraries$Unloader done
Event: 372.594 loading class java/text/MessageFormat$Field
Event: 372.594 loading class java/text/MessageFormat$Field done
Event: 372.596 loading class java/net/Socket$SocketOutputStream
Event: 372.596 loading class java/net/Socket$SocketOutputStream done
Event: 372.596 loading class sun/nio/ch/NioSocketImpl$2
Event: 372.596 loading class sun/nio/ch/NioSocketImpl$2 done
Event: 372.596 loading class java/net/Socket$SocketInputStream
Event: 372.596 loading class java/net/Socket$SocketInputStream done
Event: 372.596 loading class sun/nio/ch/NioSocketImpl$1
Event: 372.596 loading class sun/nio/ch/NioSocketImpl$1 done


Dynamic libraries:
0x00007ff70afc0000 - 0x00007ff70afce000 	C:\Hemanth\IDE\spring-tool-suite-4-4.16.1.RELEASE-e4.25.0-win32.win32.x86_64.self-extracting\contents\sts-4.16.1.RELEASE\plugins\org.eclipse.justj.openjdk.hotspot.jre.full.win32.x86_64_17.0.4.v20221004-1257\jre\bin\javaw.exe
0x00007ff8ce590000 - 0x00007ff8ce788000 	C:\WINDOWS\SYSTEM32\ntdll.dll
0x00007ff8ccb70000 - 0x00007ff8ccc2f000 	C:\WINDOWS\System32\KERNEL32.DLL
0x00007ff8cbef0000 - 0x00007ff8cc1c2000 	C:\WINDOWS\System32\KERNELBASE.dll
0x00007ff8cc400000 - 0x00007ff8cc500000 	C:\WINDOWS\System32\ucrtbase.dll
0x00007ff8c6040000 - 0x00007ff8c6058000 	C:\Hemanth\IDE\spring-tool-suite-4-4.16.1.RELEASE-e4.25.0-win32.win32.x86_64.self-extracting\contents\sts-4.16.1.RELEASE\plugins\org.eclipse.justj.openjdk.hotspot.jre.full.win32.x86_64_17.0.4.v20221004-1257\jre\bin\jli.dll
0x00007ff8c6020000 - 0x00007ff8c6039000 	C:\Hemanth\IDE\spring-tool-suite-4-4.16.1.RELEASE-e4.25.0-win32.win32.x86_64.self-extracting\contents\sts-4.16.1.RELEASE\plugins\org.eclipse.justj.openjdk.hotspot.jre.full.win32.x86_64_17.0.4.v20221004-1257\jre\bin\VCRUNTIME140.dll
0x00007ff8cc9c0000 - 0x00007ff8ccb61000 	C:\WINDOWS\System32\USER32.dll
0x00007ff8b8a00000 - 0x00007ff8b8c9a000 	C:\WINDOWS\WinSxS\amd64_microsoft.windows.common-controls_6595b64144ccf1df_6.0.19041.1110_none_60b5254171f9507e\COMCTL32.dll
0x00007ff8cbec0000 - 0x00007ff8cbee2000 	C:\WINDOWS\System32\win32u.dll
0x00007ff8cd390000 - 0x00007ff8cd42e000 	C:\WINDOWS\System32\msvcrt.dll
0x00007ff8ce520000 - 0x00007ff8ce54b000 	C:\WINDOWS\System32\GDI32.dll
0x00007ff8cc280000 - 0x00007ff8cc38f000 	C:\WINDOWS\System32\gdi32full.dll
0x00007ff8cc500000 - 0x00007ff8cc59d000 	C:\WINDOWS\System32\msvcp_win.dll
0x00007ff8cd6e0000 - 0x00007ff8cd712000 	C:\WINDOWS\System32\IMM32.DLL
0x00007ff8b7ad0000 - 0x00007ff8b7b74000 	C:\Program Files\McAfee\Endpoint Security\Threat Prevention\Ips\EpMPApi.dll
0x00007ff8ce2c0000 - 0x00007ff8ce3e5000 	C:\WINDOWS\System32\RPCRT4.dll
0x00007ff8ce470000 - 0x00007ff8ce51e000 	C:\WINDOWS\System32\ADVAPI32.dll
0x00007ff8cda70000 - 0x00007ff8cdb0c000 	C:\WINDOWS\System32\sechost.dll
0x00007ff8cc390000 - 0x00007ff8cc3f9000 	C:\WINDOWS\System32\WINTRUST.dll
0x00007ff8cbc80000 - 0x00007ff8cbdd6000 	C:\WINDOWS\System32\CRYPT32.dll
0x00007ff8cb960000 - 0x00007ff8cb972000 	C:\WINDOWS\SYSTEM32\MSASN1.dll
0x0000000055b10000 - 0x0000000055b1c000 	C:\Program Files\McAfee\Endpoint Security\Threat Prevention\Ips\EpMPThe.dll
0x00007ff8c6010000 - 0x00007ff8c601c000 	C:\Hemanth\IDE\spring-tool-suite-4-4.16.1.RELEASE-e4.25.0-win32.win32.x86_64.self-extracting\contents\sts-4.16.1.RELEASE\plugins\org.eclipse.justj.openjdk.hotspot.jre.full.win32.x86_64_17.0.4.v20221004-1257\jre\bin\vcruntime140_1.dll
0x00007ff8af450000 - 0x00007ff8af4e1000 	C:\Hemanth\IDE\spring-tool-suite-4-4.16.1.RELEASE-e4.25.0-win32.win32.x86_64.self-extracting\contents\sts-4.16.1.RELEASE\plugins\org.eclipse.justj.openjdk.hotspot.jre.full.win32.x86_64_17.0.4.v20221004-1257\jre\bin\msvcp140.dll
0x00007ff85f990000 - 0x00007ff8605d6000 	C:\Hemanth\IDE\spring-tool-suite-4-4.16.1.RELEASE-e4.25.0-win32.win32.x86_64.self-extracting\contents\sts-4.16.1.RELEASE\plugins\org.eclipse.justj.openjdk.hotspot.jre.full.win32.x86_64_17.0.4.v20221004-1257\jre\bin\server\jvm.dll
0x00007ff8cd380000 - 0x00007ff8cd388000 	C:\WINDOWS\System32\PSAPI.DLL
0x00007ff8b6030000 - 0x00007ff8b6057000 	C:\WINDOWS\SYSTEM32\WINMM.dll
0x00007ff8b6060000 - 0x00007ff8b6069000 	C:\WINDOWS\SYSTEM32\WSOCK32.dll
0x00007ff8c1bb0000 - 0x00007ff8c1bba000 	C:\WINDOWS\SYSTEM32\VERSION.dll
0x00007ff8cd670000 - 0x00007ff8cd6db000 	C:\WINDOWS\System32\WS2_32.dll
0x00007ff8ca490000 - 0x00007ff8ca4a2000 	C:\WINDOWS\SYSTEM32\kernel.appcore.dll
0x00007ff8c6f60000 - 0x00007ff8c6f6a000 	C:\Hemanth\IDE\spring-tool-suite-4-4.16.1.RELEASE-e4.25.0-win32.win32.x86_64.self-extracting\contents\sts-4.16.1.RELEASE\plugins\org.eclipse.justj.openjdk.hotspot.jre.full.win32.x86_64_17.0.4.v20221004-1257\jre\bin\jimage.dll
0x00007ff8c99f0000 - 0x00007ff8c9bd4000 	C:\WINDOWS\SYSTEM32\DBGHELP.DLL
0x00007ff8affc0000 - 0x00007ff8afff5000 	C:\WINDOWS\SYSTEM32\dbgcore.DLL
0x00007ff8cbe30000 - 0x00007ff8cbeb2000 	C:\WINDOWS\System32\bcryptPrimitives.dll
0x00007ff8c4290000 - 0x00007ff8c42b5000 	C:\Hemanth\IDE\spring-tool-suite-4-4.16.1.RELEASE-e4.25.0-win32.win32.x86_64.self-extracting\contents\sts-4.16.1.RELEASE\plugins\org.eclipse.justj.openjdk.hotspot.jre.full.win32.x86_64_17.0.4.v20221004-1257\jre\bin\java.dll
0x00007ff8c4460000 - 0x00007ff8c4478000 	C:\Hemanth\IDE\spring-tool-suite-4-4.16.1.RELEASE-e4.25.0-win32.win32.x86_64.self-extracting\contents\sts-4.16.1.RELEASE\plugins\org.eclipse.justj.openjdk.hotspot.jre.full.win32.x86_64_17.0.4.v20221004-1257\jre\bin\zip.dll
0x00007ff8cdb10000 - 0x00007ff8ce254000 	C:\WINDOWS\System32\SHELL32.dll
0x00007ff8c9c00000 - 0x00007ff8ca392000 	C:\WINDOWS\SYSTEM32\windows.storage.dll
0x00007ff8cc660000 - 0x00007ff8cc9b5000 	C:\WINDOWS\System32\combase.dll
0x00007ff8cb520000 - 0x00007ff8cb550000 	C:\WINDOWS\SYSTEM32\Wldp.dll
0x00007ff8cd560000 - 0x00007ff8cd60d000 	C:\WINDOWS\System32\SHCORE.dll
0x00007ff8cd610000 - 0x00007ff8cd665000 	C:\WINDOWS\System32\shlwapi.dll
0x00007ff8cbbc0000 - 0x00007ff8cbbdf000 	C:\WINDOWS\SYSTEM32\profapi.dll
0x00007ff8af730000 - 0x00007ff8af749000 	C:\Hemanth\IDE\spring-tool-suite-4-4.16.1.RELEASE-e4.25.0-win32.win32.x86_64.self-extracting\contents\sts-4.16.1.RELEASE\plugins\org.eclipse.justj.openjdk.hotspot.jre.full.win32.x86_64_17.0.4.v20221004-1257\jre\bin\net.dll
0x00007ff8c1730000 - 0x00007ff8c183c000 	C:\WINDOWS\SYSTEM32\WINHTTP.dll
0x00007ff8cb300000 - 0x00007ff8cb36a000 	C:\WINDOWS\system32\mswsock.dll
0x00007ff8af710000 - 0x00007ff8af725000 	C:\Hemanth\IDE\spring-tool-suite-4-4.16.1.RELEASE-e4.25.0-win32.win32.x86_64.self-extracting\contents\sts-4.16.1.RELEASE\plugins\org.eclipse.justj.openjdk.hotspot.jre.full.win32.x86_64_17.0.4.v20221004-1257\jre\bin\nio.dll
0x00007ff8c6330000 - 0x00007ff8c6340000 	C:\Hemanth\IDE\spring-tool-suite-4-4.16.1.RELEASE-e4.25.0-win32.win32.x86_64.self-extracting\contents\sts-4.16.1.RELEASE\plugins\org.eclipse.justj.openjdk.hotspot.jre.full.win32.x86_64_17.0.4.v20221004-1257\jre\bin\verify.dll
0x00007ff8c6000000 - 0x00007ff8c6009000 	C:\Hemanth\IDE\spring-tool-suite-4-4.16.1.RELEASE-e4.25.0-win32.win32.x86_64.self-extracting\contents\sts-4.16.1.RELEASE\plugins\org.eclipse.justj.openjdk.hotspot.jre.full.win32.x86_64_17.0.4.v20221004-1257\jre\bin\management.dll
0x00007ff8c5ff0000 - 0x00007ff8c5ffb000 	C:\Hemanth\IDE\spring-tool-suite-4-4.16.1.RELEASE-e4.25.0-win32.win32.x86_64.self-extracting\contents\sts-4.16.1.RELEASE\plugins\org.eclipse.justj.openjdk.hotspot.jre.full.win32.x86_64_17.0.4.v20221004-1257\jre\bin\management_ext.dll
0x00007ff8a6320000 - 0x00007ff8a6337000 	C:\WINDOWS\system32\napinsp.dll
0x00007ff8a6300000 - 0x00007ff8a631b000 	C:\WINDOWS\system32\pnrpnsp.dll
0x00007ff8c6f20000 - 0x00007ff8c6f3d000 	C:\WINDOWS\system32\NLAapi.dll
0x00007ff8cb010000 - 0x00007ff8cb04b000 	C:\WINDOWS\SYSTEM32\IPHLPAPI.DLL
0x00007ff8a62e0000 - 0x00007ff8a62f5000 	C:\WINDOWS\system32\wshbth.dll
0x00007ff8cb050000 - 0x00007ff8cb11a000 	C:\WINDOWS\SYSTEM32\DNSAPI.dll
0x00007ff8cd990000 - 0x00007ff8cd998000 	C:\WINDOWS\System32\NSI.dll
0x00007ff8a6280000 - 0x00007ff8a6292000 	C:\WINDOWS\System32\winrnr.dll
0x00007ff8b8f10000 - 0x00007ff8b8f1a000 	C:\Windows\System32\rasadhlp.dll
0x00007ff8c6a20000 - 0x00007ff8c6aa0000 	C:\WINDOWS\System32\fwpuclnt.dll
0x00007ff8cc5a0000 - 0x00007ff8cc5c7000 	C:\WINDOWS\System32\bcrypt.dll
0x00007ff8cb8d0000 - 0x00007ff8cb8e8000 	C:\WINDOWS\SYSTEM32\CRYPTSP.dll
0x00007ff8cac40000 - 0x00007ff8cac74000 	C:\WINDOWS\system32\rsaenh.dll
0x00007ff8cbb40000 - 0x00007ff8cbb6e000 	C:\WINDOWS\SYSTEM32\USERENV.dll
0x00007ff8cb490000 - 0x00007ff8cb49c000 	C:\WINDOWS\SYSTEM32\CRYPTBASE.dll
0x00007ff8c5de0000 - 0x00007ff8c5df7000 	C:\WINDOWS\SYSTEM32\dhcpcsvc6.DLL
0x00007ff8c5da0000 - 0x00007ff8c5dbd000 	C:\WINDOWS\SYSTEM32\dhcpcsvc.DLL
0x00007ff8b8d50000 - 0x00007ff8b8d5e000 	C:\Hemanth\IDE\spring-tool-suite-4-4.16.1.RELEASE-e4.25.0-win32.win32.x86_64.self-extracting\contents\sts-4.16.1.RELEASE\plugins\org.eclipse.justj.openjdk.hotspot.jre.full.win32.x86_64_17.0.4.v20221004-1257\jre\bin\sunmscapi.dll
0x00007ff8cb590000 - 0x00007ff8cb5b7000 	C:\WINDOWS\SYSTEM32\ncrypt.dll
0x00007ff8cb550000 - 0x00007ff8cb58b000 	C:\WINDOWS\SYSTEM32\NTASN1.dll
0x00007ff8b80c0000 - 0x00007ff8b80c7000 	C:\WINDOWS\system32\wshunix.dll
0x0000000071000000 - 0x0000000071024000 	C:\Hemanth\skyBand\ecr-service\EcrJava.dll

dbghelp: loaded successfully - version: 4.0.5 - missing functions: none
symbol engine: initialized successfully - sym options: 0x614 - pdb path: .;C:\Hemanth\IDE\spring-tool-suite-4-4.16.1.RELEASE-e4.25.0-win32.win32.x86_64.self-extracting\contents\sts-4.16.1.RELEASE\plugins\org.eclipse.justj.openjdk.hotspot.jre.full.win32.x86_64_17.0.4.v20221004-1257\jre\bin;C:\WINDOWS\SYSTEM32;C:\WINDOWS\WinSxS\amd64_microsoft.windows.common-controls_6595b64144ccf1df_6.0.19041.1110_none_60b5254171f9507e;C:\Program Files\McAfee\Endpoint Security\Threat Prevention\Ips;C:\Hemanth\IDE\spring-tool-suite-4-4.16.1.RELEASE-e4.25.0-win32.win32.x86_64.self-extracting\contents\sts-4.16.1.RELEASE\plugins\org.eclipse.justj.openjdk.hotspot.jre.full.win32.x86_64_17.0.4.v20221004-1257\jre\bin\server;C:\Hemanth\skyBand\ecr-service

VM Arguments:
jvm_args: -Dfile.encoding=UTF-8 -XX:+ShowCodeDetailsInExceptionMessages 
java_command: com.ecr.ECRBootApplication
java_class_path (initial): C:\Hemanth\skyBand\ecr-service\target\classes;C:\Users\Hemanth.kumar\.m2\repository\org\springframework\boot\spring-boot-starter\2.7.7\spring-boot-starter-2.7.7.jar;C:\Users\Hemanth.kumar\.m2\repository\org\springframework\boot\spring-boot\2.7.7\spring-boot-2.7.7.jar;C:\Users\Hemanth.kumar\.m2\repository\org\springframework\spring-context\5.3.24\spring-context-5.3.24.jar;C:\Users\Hemanth.kumar\.m2\repository\org\springframework\boot\spring-boot-autoconfigure\2.7.7\spring-boot-autoconfigure-2.7.7.jar;C:\Users\Hemanth.kumar\.m2\repository\org\springframework\boot\spring-boot-starter-logging\2.7.7\spring-boot-starter-logging-2.7.7.jar;C:\Users\Hemanth.kumar\.m2\repository\ch\qos\logback\logback-classic\1.2.11\logback-classic-1.2.11.jar;C:\Users\Hemanth.kumar\.m2\repository\ch\qos\logback\logback-core\1.2.11\logback-core-1.2.11.jar;C:\Users\Hemanth.kumar\.m2\repository\org\apache\logging\log4j\log4j-to-slf4j\2.17.2\log4j-to-slf4j-2.17.2.jar;C:\Users\Hemanth.kumar\.m2\repository\org\apache\logging\log4j\log4j-api\2.17.2\log4j-api-2.17.2.jar;C:\Users\Hemanth.kumar\.m2\repository\org\slf4j\jul-to-slf4j\1.7.36\jul-to-slf4j-1.7.36.jar;C:\Users\Hemanth.kumar\.m2\repository\jakarta\annotation\jakarta.annotation-api\1.3.5\jakarta.annotation-api-1.3.5.jar;C:\Users\Hemanth.kumar\.m2\repository\org\springframework\spring-core\5.3.24\spring-core-5.3.24.jar;C:\Users\Hemanth.kumar\.m2\repository\org\springframework\spring-jcl\5.3.24\spring-jcl-5.3.24.jar;C:\Users\Hemanth.kumar\.m2\repository\org\yaml\snakeyaml\1.30\snakeyaml-1.30.jar;C:\Users\Hemanth.kumar\.m2\repository\org\slf4j\slf4j-api\1.7.36\slf4j-api-1.7.36.jar;C:\Users\Hemanth.kumar\.m2\repository\org\springframework\boot\spring-boot-starter-web\2.7.7\spring-boot-starter-web-2.7.7.jar;C:\Users\Hemanth.kumar\.m2\repository\org\springframework\boot\spring-boot-starter-json\2.7.7\spring-boot-starter-json-2.7.7.jar;C:\Users\Hemanth.kumar\.m2\repository\com\fasterxml\jackson\core\jackson-databind\2.13.
Launcher Type: SUN_STANDARD

[Global flags]
     intx CICompilerCount                          = 3                                         {product} {ergonomic}
     uint ConcGCThreads                            = 1                                         {product} {ergonomic}
     uint G1ConcRefinementThreads                  = 4                                         {product} {ergonomic}
   size_t G1HeapRegionSize                         = 2097152                                   {product} {ergonomic}
    uintx GCDrainStackTargetSize                   = 64                                        {product} {ergonomic}
   size_t InitialHeapSize                          = 264241152                                 {product} {ergonomic}
   size_t MarkStackSize                            = 4194304                                   {product} {ergonomic}
   size_t MaxHeapSize                              = 4202692608                                {product} {ergonomic}
   size_t MaxNewSize                               = 2520776704                                {product} {ergonomic}
   size_t MinHeapDeltaBytes                        = 2097152                                   {product} {ergonomic}
   size_t MinHeapSize                              = 8388608                                   {product} {ergonomic}
    uintx NonNMethodCodeHeapSize                   = 5832780                                {pd product} {ergonomic}
    uintx NonProfiledCodeHeapSize                  = 122912730                              {pd product} {ergonomic}
    uintx ProfiledCodeHeapSize                     = 122912730                              {pd product} {ergonomic}
    uintx ReservedCodeCacheSize                    = 251658240                              {pd product} {ergonomic}
     bool SegmentedCodeCache                       = true                                      {product} {ergonomic}
     bool ShowCodeDetailsInExceptionMessages       = true                                   {manageable} {command line}
   size_t SoftMaxHeapSize                          = 4202692608                             {manageable} {ergonomic}
     bool UseCompressedClassPointers               = true                           {product lp64_product} {ergonomic}
     bool UseCompressedOops                        = true                           {product lp64_product} {ergonomic}
     bool UseG1GC                                  = true                                      {product} {ergonomic}
     bool UseLargePagesIndividualAllocation        = false                                  {pd product} {ergonomic}

Logging:
Log output configuration:
 #0: stdout all=warning uptime,level,tags
 #1: stderr all=off uptime,level,tags

Environment Variables:
PATH=C:/Hemanth/IDE/spring-tool-suite-4-4.16.1.RELEASE-e4.25.0-win32.win32.x86_64.self-extracting/contents/sts-4.16.1.RELEASE//plugins/org.eclipse.justj.openjdk.hotspot.jre.full.win32.x86_64_17.0.4.v20221004-1257/jre/bin/server;C:/Hemanth/IDE/spring-tool-suite-4-4.16.1.RELEASE-e4.25.0-win32.win32.x86_64.self-extracting/contents/sts-4.16.1.RELEASE//plugins/org.eclipse.justj.openjdk.hotspot.jre.full.win32.x86_64_17.0.4.v20221004-1257/jre/bin;C:\Program Files (x86)\Common Files\Oracle\Java\javapath;C:\WINDOWS\system32;C:\WINDOWS;C:\WINDOWS\System32\Wbem;C:\WINDOWS\System32\WindowsPowerShell\v1.0\;C:\WINDOWS\System32\OpenSSH\;C:\Program Files\Git\cmd;C:\Program Files\Docker\Docker\resources\bin;C:\Program Files\dotnet\;C:\Users\Hemanth.kumar\AppData\Local\Microsoft\WindowsApps;;C:\Hemanth\IDE\spring-tool-suite-4-4.16.1.RELEASE-e4.25.0-win32.win32.x86_64.self-extracting\contents\sts-4.16.1.RELEASE;
USERNAME=hemanth.kumar
OS=Windows_NT
PROCESSOR_IDENTIFIER=Intel64 Family 6 Model 142 Stepping 9, GenuineIntel
TMP=C:\Users\HEMANT~1.KUM\AppData\Local\Temp
TEMP=C:\Users\HEMANT~1.KUM\AppData\Local\Temp



---------------  S Y S T E M  ---------------

OS:
 Windows 10 , 64 bit Build 19041 (10.0.19041.2364)
OS uptime: 0 days 3:33 hours
Hyper-V role detected

CPU: total 4 (initial active 4) (2 cores per cpu, 2 threads per core) family 6 model 142 stepping 9 microcode 0xd6, cx8, cmov, fxsr, ht, mmx, 3dnowpref, sse, sse2, sse3, ssse3, sse4.1, sse4.2, popcnt, lzcnt, tsc, tscinvbit, avx, avx2, aes, erms, clmul, bmi1, bmi2, rtm, adx, fma, vzeroupper, clflush, clflushopt, hv

Memory: 4k page, system-wide physical 16024M (8169M free)
TotalPageFile size 18456M (AvailPageFile size 9899M)
current process WorkingSet (physical memory assigned to process): 146M, peak: 171M
current process commit charge ("private bytes"): 170M, peak: 377M

vm_info: OpenJDK 64-Bit Server VM (17.0.4.1+1) for windows-amd64 JRE (17.0.4.1+1), built on Aug 17 2022 07:42:43 by "temurin" with MS VC++ 16.7 (VS2019)

END.
