#
# A fatal error has been detected by the Java Runtime Environment:
#
#  EXCEPTION_ACCESS_VIOLATION (0xc0000005) at pc=0x00007ff8b996c7f0, pid=26040, tid=22332
#
# JRE version: OpenJDK Runtime Environment Temurin-17.0.4.1+1 (17.0.4.1+1) (build 17.0.4.1+1)
# Java VM: OpenJDK 64-Bit Server VM Temurin-17.0.4.1+1 (17.0.4.1+1, mixed mode, tiered, compressed oops, compressed class ptrs, g1 gc, windows-amd64)
# Problematic frame:
# V  [jvm.dll+0xc7f0]
#
# No core dump will be written. Minidumps are not enabled by default on client versions of Windows
#
# If you would like to submit a bug report, please visit:
#   https://github.com/adoptium/adoptium-support/issues
#

---------------  S U M M A R Y ------------

Command Line: -XX:+ShowCodeDetailsInExceptionMessages -agentlib:jdwp=transport=dt_socket,suspend=y,address=localhost:51840 -javaagent:C:\Hemanth\IDE\spring-tool-suite-4-4.16.1.RELEASE-e4.25.0-win32.win32.x86_64.self-extracting\contents\sts-4.16.1.RELEASE\configuration\org.eclipse.osgi\268\0\.cp\lib\javaagent-shaded.jar -Dfile.encoding=UTF-8 com.ecr.ECRBootApplication

Host: Intel(R) Core(TM) i5-7300U CPU @ 2.60GHz, 4 cores, 15G,  Windows 10 , 64 bit Build 19041 (10.0.19041.2364)
Time: Thu Feb 16 15:41:05 2023 India Standard Time elapsed time: 137.012697 seconds (0d 0h 2m 17s)

---------------  T H R E A D  ---------------

Current thread (0x000001efa5a5e6c0):  JavaThread "http-nio-9099-exec-3" daemon [_thread_in_vm, id=22332, stack(0x0000002640500000,0x0000002640600000)]

Stack: [0x0000002640500000,0x0000002640600000],  sp=0x00000026405fcc98,  free space=1011k
Native frames: (J=compiled Java code, j=interpreted, Vv=VM code, C=native code)
V  [jvm.dll+0xc7f0]

Java frames: (J=compiled Java code, j=interpreted, Vv=VM code)
j  com.skyband.skybandecr.CLibraryLoad.pack(Ljava/lang/String;ILjava/lang/String;Ljava/lang/String;)[B+0
j  com.skyband.skybandecr.CLibraryLoad.getPackData(Ljava/lang/String;ILjava/lang/String;)[B+13
j  com.skyband.impl.ECRImpl.doTCPIPTransaction(Ljava/lang/String;ILjava/lang/String;ILjava/lang/String;)Ljava/lang/String;+38
j  com.ecr.service.PaymentService.performTransaction(Lcom/ecr/model/PaymentRequest;)Lcom/ecr/model/TransactionData;+229
j  com.ecr.controller.MainController.performTransaction(Lcom/ecr/model/PaymentRequest;)Lcom/ecr/model/TransactionData;+15
v  ~StubRoutines::call_stub
J 3716  jdk.internal.reflect.NativeMethodAccessorImpl.invoke0(Ljava/lang/reflect/Method;Ljava/lang/Object;[Ljava/lang/Object;)Ljava/lang/Object; java.base@17.0.4.1 (0 bytes) @ 0x000001ef8ffd0ba7 [0x000001ef8ffd0b20+0x0000000000000087]
J 3715 c1 jdk.internal.reflect.NativeMethodAccessorImpl.invoke(Ljava/lang/Object;[Ljava/lang/Object;)Ljava/lang/Object; java.base@17.0.4.1 (137 bytes) @ 0x000001ef890b3ef4 [0x000001ef890b3500+0x00000000000009f4]
J 3565 c1 jdk.internal.reflect.DelegatingMethodAccessorImpl.invoke(Ljava/lang/Object;[Ljava/lang/Object;)Ljava/lang/Object; java.base@17.0.4.1 (10 bytes) @ 0x000001ef89025464 [0x000001ef89025340+0x0000000000000124]
J 3568 c1 java.lang.reflect.Method.invoke(Ljava/lang/Object;[Ljava/lang/Object;)Ljava/lang/Object; java.base@17.0.4.1 (65 bytes) @ 0x000001ef89026a6c [0x000001ef89026700+0x000000000000036c]
j  org.springframework.web.method.support.InvocableHandlerMethod.doInvoke([Ljava/lang/Object;)Ljava/lang/Object;+28
j  org.springframework.web.method.support.InvocableHandlerMethod.invokeForRequest(Lorg/springframework/web/context/request/NativeWebRequest;Lorg/springframework/web/method/support/ModelAndViewContainer;[Ljava/lang/Object;)Ljava/lang/Object;+54
j  org.springframework.web.servlet.mvc.method.annotation.ServletInvocableHandlerMethod.invokeAndHandle(Lorg/springframework/web/context/request/ServletWebRequest;Lorg/springframework/web/method/support/ModelAndViewContainer;[Ljava/lang/Object;)V+4
j  org.springframework.web.servlet.mvc.method.annotation.RequestMappingHandlerAdapter.invokeHandlerMethod(Ljavax/servlet/http/HttpServletRequest;Ljavax/servlet/http/HttpServletResponse;Lorg/springframework/web/method/HandlerMethod;)Lorg/springframework/web/servlet/ModelAndView;+244
j  org.springframework.web.servlet.mvc.method.annotation.RequestMappingHandlerAdapter.handleInternal(Ljavax/servlet/http/HttpServletRequest;Ljavax/servlet/http/HttpServletResponse;Lorg/springframework/web/method/HandlerMethod;)Lorg/springframework/web/servlet/ModelAndView;+81
j  org.springframework.web.servlet.mvc.method.AbstractHandlerMethodAdapter.handle(Ljavax/servlet/http/HttpServletRequest;Ljavax/servlet/http/HttpServletResponse;Ljava/lang/Object;)Lorg/springframework/web/servlet/ModelAndView;+7
j  org.springframework.web.servlet.DispatcherServlet.doDispatch(Ljavax/servlet/http/HttpServletRequest;Ljavax/servlet/http/HttpServletResponse;)V+259
j  org.springframework.web.servlet.DispatcherServlet.doService(Ljavax/servlet/http/HttpServletRequest;Ljavax/servlet/http/HttpServletResponse;)V+241
j  org.springframework.web.servlet.FrameworkServlet.processRequest(Ljavax/servlet/http/HttpServletRequest;Ljavax/servlet/http/HttpServletResponse;)V+71
j  org.springframework.web.servlet.FrameworkServlet.doPost(Ljavax/servlet/http/HttpServletRequest;Ljavax/servlet/http/HttpServletResponse;)V+3
j  javax.servlet.http.HttpServlet.service(Ljavax/servlet/http/HttpServletRequest;Ljavax/servlet/http/HttpServletResponse;)V+149
j  org.springframework.web.servlet.FrameworkServlet.service(Ljavax/servlet/http/HttpServletRequest;Ljavax/servlet/http/HttpServletResponse;)V+33
j  javax.servlet.http.HttpServlet.service(Ljavax/servlet/ServletRequest;Ljavax/servlet/ServletResponse;)V+36
j  org.apache.catalina.core.ApplicationFilterChain.internalDoFilter(Ljavax/servlet/ServletRequest;Ljavax/servlet/ServletResponse;)V+304
j  org.apache.catalina.core.ApplicationFilterChain.doFilter(Ljavax/servlet/ServletRequest;Ljavax/servlet/ServletResponse;)V+99
j  org.apache.tomcat.websocket.server.WsFilter.doFilter(Ljavax/servlet/ServletRequest;Ljavax/servlet/ServletResponse;Ljavax/servlet/FilterChain;)V+21
j  org.apache.catalina.core.ApplicationFilterChain.internalDoFilter(Ljavax/servlet/ServletRequest;Ljavax/servlet/ServletResponse;)V+135
j  org.apache.catalina.core.ApplicationFilterChain.doFilter(Ljavax/servlet/ServletRequest;Ljavax/servlet/ServletResponse;)V+99
j  org.springframework.web.filter.RequestContextFilter.doFilterInternal(Ljavax/servlet/http/HttpServletRequest;Ljavax/servlet/http/HttpServletResponse;Ljavax/servlet/FilterChain;)V+21
j  org.springframework.web.filter.OncePerRequestFilter.doFilter(Ljavax/servlet/ServletRequest;Ljavax/servlet/ServletResponse;Ljavax/servlet/FilterChain;)V+147
j  org.apache.catalina.core.ApplicationFilterChain.internalDoFilter(Ljavax/servlet/ServletRequest;Ljavax/servlet/ServletResponse;)V+135
j  org.apache.catalina.core.ApplicationFilterChain.doFilter(Ljavax/servlet/ServletRequest;Ljavax/servlet/ServletResponse;)V+99
j  org.springframework.web.filter.FormContentFilter.doFilterInternal(Ljavax/servlet/http/HttpServletRequest;Ljavax/servlet/http/HttpServletResponse;Ljavax/servlet/FilterChain;)V+38
j  org.springframework.web.filter.OncePerRequestFilter.doFilter(Ljavax/servlet/ServletRequest;Ljavax/servlet/ServletResponse;Ljavax/servlet/FilterChain;)V+147
j  org.apache.catalina.core.ApplicationFilterChain.internalDoFilter(Ljavax/servlet/ServletRequest;Ljavax/servlet/ServletResponse;)V+135
j  org.apache.catalina.core.ApplicationFilterChain.doFilter(Ljavax/servlet/ServletRequest;Ljavax/servlet/ServletResponse;)V+99
j  org.springframework.web.filter.CharacterEncodingFilter.doFilterInternal(Ljavax/servlet/http/HttpServletRequest;Ljavax/servlet/http/HttpServletResponse;Ljavax/servlet/FilterChain;)V+53
j  org.springframework.web.filter.OncePerRequestFilter.doFilter(Ljavax/servlet/ServletRequest;Ljavax/servlet/ServletResponse;Ljavax/servlet/FilterChain;)V+147
j  org.apache.catalina.core.ApplicationFilterChain.internalDoFilter(Ljavax/servlet/ServletRequest;Ljavax/servlet/ServletResponse;)V+135
j  org.apache.catalina.core.ApplicationFilterChain.doFilter(Ljavax/servlet/ServletRequest;Ljavax/servlet/ServletResponse;)V+99
j  org.apache.catalina.core.StandardWrapperValve.invoke(Lorg/apache/catalina/connector/Request;Lorg/apache/catalina/connector/Response;)V+514
j  org.apache.catalina.core.StandardContextValve.invoke(Lorg/apache/catalina/connector/Request;Lorg/apache/catalina/connector/Response;)V+169
j  org.apache.catalina.authenticator.AuthenticatorBase.invoke(Lorg/apache/catalina/connector/Request;Lorg/apache/catalina/connector/Response;)V+260
j  org.apache.catalina.core.StandardHostValve.invoke(Lorg/apache/catalina/connector/Request;Lorg/apache/catalina/connector/Response;)V+128
j  org.apache.catalina.valves.ErrorReportValve.invoke(Lorg/apache/catalina/connector/Request;Lorg/apache/catalina/connector/Response;)V+6
j  org.apache.catalina.core.StandardEngineValve.invoke(Lorg/apache/catalina/connector/Request;Lorg/apache/catalina/connector/Response;)V+59
j  org.apache.catalina.connector.CoyoteAdapter.service(Lorg/apache/coyote/Request;Lorg/apache/coyote/Response;)V+203
j  org.apache.coyote.http11.Http11Processor.service(Lorg/apache/tomcat/util/net/SocketWrapperBase;)Lorg/apache/tomcat/util/net/AbstractEndpoint$Handler$SocketState;+796
j  org.apache.coyote.AbstractProcessorLight.process(Lorg/apache/tomcat/util/net/SocketWrapperBase;Lorg/apache/tomcat/util/net/SocketEvent;)Lorg/apache/tomcat/util/net/AbstractEndpoint$Handler$SocketState;+170
j  org.apache.coyote.AbstractProtocol$ConnectionHandler.process(Lorg/apache/tomcat/util/net/SocketWrapperBase;Lorg/apache/tomcat/util/net/SocketEvent;)Lorg/apache/tomcat/util/net/AbstractEndpoint$Handler$SocketState;+489
j  org.apache.tomcat.util.net.NioEndpoint$SocketProcessor.doRun()V+249
j  org.apache.tomcat.util.net.SocketProcessorBase.run()V+21
j  org.apache.tomcat.util.threads.ThreadPoolExecutor.runWorker(Lorg/apache/tomcat/util/threads/ThreadPoolExecutor$Worker;)V+92
j  org.apache.tomcat.util.threads.ThreadPoolExecutor$Worker.run()V+5
j  org.apache.tomcat.util.threads.TaskThread$WrappingRunnable.run()V+4
j  java.lang.Thread.run()V+11 java.base@17.0.4.1
v  ~StubRoutines::call_stub

siginfo: EXCEPTION_ACCESS_VIOLATION (0xc0000005), reading address 0x0000000000000000


Register to memory mapping:

RIP=0x00007ff8b996c7f0 jvm.dll
RAX=0x0 is NULL
RBX=0x000001efa5a5e6c0 is a thread
RCX=0x0 is NULL
RDX=0x0 is NULL
RSP=0x00000026405fcc98 is pointing into the stack for thread: 0x000001efa5a5e6c0
RBP=0x00000026405fcd80 is pointing into the stack for thread: 0x000001efa5a5e6c0
RSI=0x0 is NULL
RDI=0x0 is NULL
R8 =0x0 is NULL
R9 =0x0000000000000195 is an unknown value
R10=0x0 is NULL
R11=0x000001ef828a1c40 points into unknown readable memory: 0x000001efa4c08e80 | 80 8e c0 a4 ef 01 00 00
R12=0x0 is NULL
R13=0x000001efa9df4598 is pointing into metadata
R14=0x0 is NULL
R15=0x000001efa5a5e6c0 is a thread


Registers:
RAX=0x0000000000000000, RBX=0x000001efa5a5e6c0, RCX=0x0000000000000000, RDX=0x0000000000000000
RSP=0x00000026405fcc98, RBP=0x00000026405fcd80, RSI=0x0000000000000000, RDI=0x0000000000000000
R8 =0x0000000000000000, R9 =0x0000000000000195, R10=0x0000000000000000, R11=0x000001ef828a1c40
R12=0x0000000000000000, R13=0x000001efa9df4598, R14=0x0000000000000000, R15=0x000001efa5a5e6c0
RIP=0x00007ff8b996c7f0, EFLAGS=0x0000000000010246

Top of Stack: (sp=0x00000026405fcc98)
0x00000026405fcc98:   00007ff8b9d4951a 000001efa8b2df90
0x00000026405fcca8:   000001efa5a5e6c0 000001efa5a5e6c0
0x00000026405fccb8:   00000026405fce68 000001efa5a5e6c0
0x00000026405fccc8:   0000000000000000 00000000000007d0
0x00000026405fccd8:   0000000000000000 00000026405fcd80
0x00000026405fcce8:   00007ff91f469d40 0000000000000000
0x00000026405fccf8:   00000000000007d0 000001ef882aa322
0x00000026405fcd08:   0000000000000000 000001efa9df45b0
0x00000026405fcd18:   0000000071001716 00000026405fcd80
0x00000026405fcd28:   00000026405fce68 000001efa5a5e6c0
0x00000026405fcd38:   00000026405fcde0 000001efa9df45b0
0x00000026405fcd48:   000001efa5a5e6c0 000001ef882aa322
0x00000026405fcd58:   000001ef882b1049 000001efa9df45b0
0x00000026405fcd68:   000001efa9df45b0 000001efa4c086a0
0x00000026405fcd78:   000001efa8b2df90 00000026405fce28
0x00000026405fcd88:   000001ef882b1366 000001efa5a5e968 

Instructions: (pc=0x00007ff8b996c7f0)
0x00007ff8b996c6f0:   00 00 00 48 8b 41 38 48 8b 80 88 09 00 00 48 8b
0x00007ff8b996c700:   48 08 48 8b 40 50 48 d3 ea 80 3c 02 01 0f 85 cd
0x00007ff8b996c710:   00 00 00 48 8b 13 0f b6 c2 24 03 3c 03 75 19 48
0x00007ff8b996c720:   83 e2 fc 74 13 48 3b da 74 11 48 8b c2 48 8b 5c
0x00007ff8b996c730:   24 38 48 83 c4 20 5e c3 48 8b d3 48 8b 46 38 0f
0x00007ff8b996c740:   be 88 f0 02 00 00 c1 e9 02 f6 c1 01 74 dc 48 89
0x00007ff8b996c750:   7c 24 30 e8 28 e5 ff ff 48 8b 0d 09 32 b9 00 48
0x00007ff8b996c760:   8b f8 48 81 c1 90 09 00 00 8b 41 40 0f b6 57 21
0x00007ff8b996c770:   8d 42 01 88 47 21 84 d2 75 0a 48 8b d7 e8 5e a1
0x00007ff8b996c780:   6f 00 eb 20 80 7f 22 00 75 1a 8b 41 40 85 05 01
0x00007ff8b996c790:   a4 9a 00 74 0f b8 ff ff ff ff f0 0f c1 41 40 e8
0x00007ff8b996c7a0:   8c a1 6f 00 48 8b 4e 38 4c 8b c7 48 8b d3 e8 dd
0x00007ff8b996c7b0:   f7 ff ff 0f b6 4f 21 48 8b d8 48 8b 15 a7 31 b9
0x00007ff8b996c7c0:   00 8d 41 ff 88 47 21 80 f9 01 77 0f 48 8d 8a 90
0x00007ff8b996c7d0:   09 00 00 48 8b d7 e8 35 a1 6f 00 48 8b 7c 24 30
0x00007ff8b996c7e0:   48 8b c3 48 8b 5c 24 38 48 83 c4 20 5e c3 cc cc
0x00007ff8b996c7f0:   48 8b 01 c3 cc cc cc cc cc cc cc cc cc cc cc cc
0x00007ff8b996c800:   4c 8b 01 4c 8b c9 48 8b 0d f3 c2 b4 00 ba 44 60
0x00007ff8b996c810:   08 00 e9 59 f2 ff ff cc cc cc cc cc cc cc cc cc
0x00007ff8b996c820:   48 89 5c 24 08 57 48 83 ec 20 48 8b 39 48 8b d9
0x00007ff8b996c830:   48 85 3d a1 a0 b9 00 75 0e 48 8b c7 48 8b 5c 24
0x00007ff8b996c840:   30 48 83 c4 20 5f c3 48 8b cf e8 51 6e 85 00 48
0x00007ff8b996c850:   8b d0 48 85 c0 74 20 48 8b c7 f0 48 0f b1 13 74
0x00007ff8b996c860:   16 48 85 05 70 a0 b9 00 74 0d 48 8b c8 f0 48 0f
0x00007ff8b996c870:   b1 13 48 3b c1 75 ea 48 8b 5c 24 30 48 8b c2 48
0x00007ff8b996c880:   83 c4 20 5f c3 cc cc cc cc cc cc cc cc cc cc cc
0x00007ff8b996c890:   4c 8b 01 4c 8b c9 48 8b 0d 63 c2 b4 00 ba 64 60
0x00007ff8b996c8a0:   08 00 e9 c9 f1 ff ff cc cc cc cc cc cc cc cc cc
0x00007ff8b996c8b0:   8b 05 42 0a af 00 c3 cc cc cc cc cc cc cc cc cc
0x00007ff8b996c8c0:   0f b6 05 98 ca b5 00 48 8b d1 84 c0 74 16 44 8b
0x00007ff8b996c8d0:   41 08 8b 0d 20 0a af 00 49 d3 e0 4c 03 05 0e 0a
0x00007ff8b996c8e0:   af 00 eb 04 4c 8b 41 08 45 8b 50 08 45 85 d2 7e 


Stack slot to memory mapping:
stack at sp + 0 slots: 0x00007ff8b9d4951a jvm.dll
stack at sp + 1 slots: 0x000001efa8b2df90 points into unknown readable memory: 0x746e756f6d61227b | 7b 22 61 6d 6f 75 6e 74
stack at sp + 2 slots: 0x000001efa5a5e6c0 is a thread
stack at sp + 3 slots: 0x000001efa5a5e6c0 is a thread
stack at sp + 4 slots: 0x00000026405fce68 is pointing into the stack for thread: 0x000001efa5a5e6c0
stack at sp + 5 slots: 0x000001efa5a5e6c0 is a thread
stack at sp + 6 slots: 0x0 is NULL
stack at sp + 7 slots: 0x00000000000007d0 is an unknown value


---------------  P R O C E S S  ---------------

Threads class SMR info:
_java_thread_list=0x000001efa55c8470, length=32, elements={
0x000001efa2d6b720, 0x000001efa2d6ef80, 0x000001efa2dad120, 0x000001efa2dad9e0,
0x000001efa2dae390, 0x000001efa2db0d50, 0x000001ef826b7e20, 0x000001ef826b8d50,
0x000001efa2e3fc60, 0x000001efa2d309c0, 0x000001efa3063f90, 0x000001efa3c32670,
0x000001efa3c32b60, 0x000001efa3ef75e0, 0x000001efa5a60870, 0x000001efa5a5f060,
0x000001efa5a5f530, 0x000001efa5a5fa00, 0x000001efa5a5fed0, 0x000001efa5a603a0,
0x000001efa5a5e1f0, 0x000001efa5a5e6c0, 0x000001efa6c680e0, 0x000001efa6c64720,
0x000001efa6c685b0, 0x000001efa6c633e0, 0x000001efa6c65f30, 0x000001efa6c65590,
0x000001efa6c66400, 0x000001efa6c63d80, 0x000001efa6c64250, 0x000001efa6c64bf0
}

Java Threads: ( => current thread )
  0x000001efa2d6b720 JavaThread "Reference Handler" daemon [_thread_blocked, id=25692, stack(0x000000263e900000,0x000000263ea00000)]
  0x000001efa2d6ef80 JavaThread "Finalizer" daemon [_thread_blocked, id=21044, stack(0x000000263ea00000,0x000000263eb00000)]
  0x000001efa2dad120 JavaThread "Signal Dispatcher" daemon [_thread_blocked, id=564, stack(0x000000263eb00000,0x000000263ec00000)]
  0x000001efa2dad9e0 JavaThread "Attach Listener" daemon [_thread_blocked, id=26052, stack(0x000000263ec00000,0x000000263ed00000)]
  0x000001efa2dae390 JavaThread "Service Thread" daemon [_thread_blocked, id=10436, stack(0x000000263ed00000,0x000000263ee00000)]
  0x000001efa2db0d50 JavaThread "Monitor Deflation Thread" daemon [_thread_blocked, id=21216, stack(0x000000263ee00000,0x000000263ef00000)]
  0x000001ef826b7e20 JavaThread "C2 CompilerThread0" daemon [_thread_blocked, id=25244, stack(0x000000263ef00000,0x000000263f000000)]
  0x000001ef826b8d50 JavaThread "C1 CompilerThread0" daemon [_thread_blocked, id=10332, stack(0x000000263f000000,0x000000263f100000)]
  0x000001efa2e3fc60 JavaThread "Sweeper thread" daemon [_thread_blocked, id=19428, stack(0x000000263f100000,0x000000263f200000)]
  0x000001efa2d309c0 JavaThread "Common-Cleaner" daemon [_thread_blocked, id=24036, stack(0x000000263f200000,0x000000263f300000)]
  0x000001efa3063f90 JavaThread "JDWP Transport Listener: dt_socket" daemon [_thread_blocked, id=26352, stack(0x000000263f300000,0x000000263f400000)]
  0x000001efa3c32670 JavaThread "JDWP Event Helper Thread" daemon [_thread_blocked, id=26172, stack(0x000000263f400000,0x000000263f500000)]
  0x000001efa3c32b60 JavaThread "JDWP Command Reader" daemon [_thread_in_native, id=3408, stack(0x000000263f500000,0x000000263f600000)]
  0x000001efa3ef75e0 JavaThread "Notification Thread" daemon [_thread_blocked, id=24348, stack(0x000000263f600000,0x000000263f700000)]
  0x000001efa5a60870 JavaThread "Catalina-utility-1" [_thread_blocked, id=24364, stack(0x000000263fe00000,0x000000263ff00000)]
  0x000001efa5a5f060 JavaThread "Catalina-utility-2" [_thread_blocked, id=4304, stack(0x000000263ff00000,0x0000002640000000)]
  0x000001efa5a5f530 JavaThread "container-0" [_thread_blocked, id=25828, stack(0x0000002640000000,0x0000002640100000)]
  0x000001efa5a5fa00 JavaThread "File Watcher" daemon [_thread_blocked, id=11180, stack(0x0000002640100000,0x0000002640200000)]
  0x000001efa5a5fed0 JavaThread "Live Reload Server" daemon [_thread_in_native, id=24408, stack(0x0000002640300000,0x0000002640400000)]
  0x000001efa5a603a0 JavaThread "http-nio-9099-exec-1" daemon [_thread_blocked, id=23440, stack(0x0000002640200000,0x0000002640300000)]
  0x000001efa5a5e1f0 JavaThread "http-nio-9099-exec-2" daemon [_thread_blocked, id=22012, stack(0x0000002640400000,0x0000002640500000)]
=>0x000001efa5a5e6c0 JavaThread "http-nio-9099-exec-3" daemon [_thread_in_vm, id=22332, stack(0x0000002640500000,0x0000002640600000)]
  0x000001efa6c680e0 JavaThread "http-nio-9099-exec-4" daemon [_thread_blocked, id=23544, stack(0x0000002640600000,0x0000002640700000)]
  0x000001efa6c64720 JavaThread "http-nio-9099-exec-5" daemon [_thread_blocked, id=21008, stack(0x0000002640700000,0x0000002640800000)]
  0x000001efa6c685b0 JavaThread "http-nio-9099-exec-6" daemon [_thread_blocked, id=25736, stack(0x0000002640800000,0x0000002640900000)]
  0x000001efa6c633e0 JavaThread "http-nio-9099-exec-7" daemon [_thread_blocked, id=20444, stack(0x0000002640900000,0x0000002640a00000)]
  0x000001efa6c65f30 JavaThread "http-nio-9099-exec-8" daemon [_thread_blocked, id=20676, stack(0x0000002640a00000,0x0000002640b00000)]
  0x000001efa6c65590 JavaThread "http-nio-9099-exec-9" daemon [_thread_blocked, id=22040, stack(0x0000002640b00000,0x0000002640c00000)]
  0x000001efa6c66400 JavaThread "http-nio-9099-exec-10" daemon [_thread_blocked, id=25608, stack(0x0000002640c00000,0x0000002640d00000)]
  0x000001efa6c63d80 JavaThread "http-nio-9099-Poller" daemon [_thread_in_native, id=23504, stack(0x0000002640d00000,0x0000002640e00000)]
  0x000001efa6c64250 JavaThread "http-nio-9099-Acceptor" daemon [_thread_in_native, id=26488, stack(0x0000002640e00000,0x0000002640f00000)]
  0x000001efa6c64bf0 JavaThread "DestroyJavaVM" [_thread_blocked, id=23296, stack(0x000000263e200000,0x000000263e300000)]

Other Threads:
  0x000001efa2d4ba60 VMThread "VM Thread" [stack: 0x000000263e800000,0x000000263e900000] [id=23692]
  0x000001ef972e15f0 WatcherThread [stack: 0x000000263f700000,0x000000263f800000] [id=1992]
  0x000001ef972e0aa0 GCTaskThread "GC Thread#0" [stack: 0x000000263e300000,0x000000263e400000] [id=26236]
  0x000001efa3011a70 GCTaskThread "GC Thread#1" [stack: 0x000000263f900000,0x000000263fa00000] [id=15508]
  0x000001efa42ab9a0 GCTaskThread "GC Thread#2" [stack: 0x000000263fa00000,0x000000263fb00000] [id=26148]
  0x000001efa40544a0 GCTaskThread "GC Thread#3" [stack: 0x000000263fb00000,0x000000263fc00000] [id=10160]
  0x000001ef84cacc00 ConcurrentGCThread "G1 Main Marker" [stack: 0x000000263e400000,0x000000263e500000] [id=18924]
  0x000001ef84cad610 ConcurrentGCThread "G1 Conc#0" [stack: 0x000000263e500000,0x000000263e600000] [id=4988]
  0x000001ef973a1030 ConcurrentGCThread "G1 Refine#0" [stack: 0x000000263e600000,0x000000263e700000] [id=24084]
  0x000001ef973a1a50 ConcurrentGCThread "G1 Service" [stack: 0x000000263e700000,0x000000263e800000] [id=14744]

Threads with active compile tasks:

VM state: not at safepoint (normal execution)

VM Mutex/Monitor currently owned by a thread: None

Heap address: 0x0000000705800000, size: 4008 MB, Compressed Oops mode: Zero based, Oop shift amount: 3

CDS archive(s) not mapped
Compressed class space mapped at: 0x0000000800000000-0x0000000840000000, reserved size: 1073741824
Narrow klass base: 0x0000000800000000, Narrow klass shift: 0, Narrow klass range: 0x40000000

GC Precious Log:
 CPUs: 4 total, 4 available
 Memory: 16024M
 Large Page Support: Disabled
 NUMA Support: Disabled
 Compressed Oops: Enabled (Zero based)
 Heap Region Size: 2M
 Heap Min Capacity: 8M
 Heap Initial Capacity: 252M
 Heap Max Capacity: 4008M
 Pre-touch: Disabled
 Parallel Workers: 4
 Concurrent Workers: 1
 Concurrent Refinement Workers: 4
 Periodic GC: Disabled

Heap:
 garbage-first heap   total 34816K, used 21841K [0x0000000705800000, 0x0000000800000000)
  region size 2048K, 5 young (10240K), 1 survivors (2048K)
 Metaspace       used 43701K, committed 43968K, reserved 1089536K
  class space    used 4953K, committed 5056K, reserved 1048576K

Heap Regions: E=young(eden), S=young(survivor), O=old, HS=humongous(starts), HC=humongous(continues), CS=collection set, F=free, OA=open archive, CA=closed archive, TAMS=top-at-mark-start (previous, next)
|   0|0x0000000705800000, 0x0000000705a00000, 0x0000000705a00000|100%| O|  |TAMS 0x0000000705a00000, 0x0000000705800000| Untracked 
|   1|0x0000000705a00000, 0x0000000705c00000, 0x0000000705c00000|100%| O|  |TAMS 0x0000000705c00000, 0x0000000705a00000| Untracked 
|   2|0x0000000705c00000, 0x0000000705e00000, 0x0000000705e00000|100%| O|  |TAMS 0x0000000705e00000, 0x0000000705c00000| Untracked 
|   3|0x0000000705e00000, 0x0000000706000000, 0x0000000706000000|100%| O|  |TAMS 0x0000000706000000, 0x0000000705e00000| Untracked 
|   4|0x0000000706000000, 0x0000000706200000, 0x0000000706200000|100%| O|  |TAMS 0x0000000706200000, 0x0000000706000000| Untracked 
|   5|0x0000000706200000, 0x0000000706400000, 0x0000000706400000|100%| O|  |TAMS 0x0000000706400000, 0x0000000706200000| Untracked 
|   6|0x0000000706400000, 0x0000000706600000, 0x0000000706600000|100%| O|  |TAMS 0x0000000706600000, 0x0000000706400000| Untracked 
|   7|0x0000000706600000, 0x000000070661b200, 0x0000000706800000|  5%| O|  |TAMS 0x000000070661b200, 0x0000000706600000| Untracked 
|   8|0x0000000706800000, 0x0000000706800000, 0x0000000706a00000|  0%| F|  |TAMS 0x0000000706800000, 0x0000000706800000| Untracked 
|   9|0x0000000706a00000, 0x0000000706a00000, 0x0000000706c00000|  0%| F|  |TAMS 0x0000000706a00000, 0x0000000706a00000| Untracked 
|  10|0x0000000706c00000, 0x0000000706c00000, 0x0000000706e00000|  0%| F|  |TAMS 0x0000000706c00000, 0x0000000706c00000| Untracked 
|  11|0x0000000706e00000, 0x0000000706f39370, 0x0000000707000000| 61%| S|CS|TAMS 0x0000000706e00000, 0x0000000706e00000| Complete 
|  12|0x0000000707000000, 0x0000000707000000, 0x0000000707200000|  0%| F|  |TAMS 0x0000000707000000, 0x0000000707000000| Untracked 
|  13|0x0000000707200000, 0x00000007073bd8d8, 0x0000000707400000| 87%| E|  |TAMS 0x0000000707200000, 0x0000000707200000| Complete 
| 104|0x0000000712800000, 0x0000000712a00000, 0x0000000712a00000|100%| E|CS|TAMS 0x0000000712800000, 0x0000000712800000| Complete 
| 105|0x0000000712a00000, 0x0000000712c00000, 0x0000000712c00000|100%| E|CS|TAMS 0x0000000712a00000, 0x0000000712a00000| Complete 
| 125|0x0000000715200000, 0x0000000715400000, 0x0000000715400000|100%| E|CS|TAMS 0x0000000715200000, 0x0000000715200000| Complete 

Card table byte_map: [0x000001ef97c80000,0x000001ef98460000] _byte_map_base: 0x000001ef94454000

Marking Bits (Prev, Next): (CMBitMap*) 0x000001ef84c9c890, (CMBitMap*) 0x000001ef84c9c850
 Prev Bits: [0x000001ef9cae0000, 0x000001efa0980000)
 Next Bits: [0x000001ef98c40000, 0x000001ef9cae0000)

Polling page: 0x000001ef84350000

Metaspace:

Usage:
  Non-class:     37.84 MB used.
      Class:      4.84 MB used.
       Both:     42.68 MB used.

Virtual space:
  Non-class space:       40.00 MB reserved,      38.00 MB ( 95%) committed,  5 nodes.
      Class space:        1.00 GB reserved,       4.94 MB ( <1%) committed,  1 nodes.
             Both:        1.04 GB reserved,      42.94 MB (  4%) committed. 

Chunk freelists:
   Non-Class:  2.03 MB
       Class:  2.95 MB
        Both:  4.98 MB

MaxMetaspaceSize: unlimited
CompressedClassSpaceSize: 1.00 GB
Initial GC threshold: 21.00 MB
Current GC threshold: 70.31 MB
CDS: off
MetaspaceReclaimPolicy: balanced
 - commit_granule_bytes: 65536.
 - commit_granule_words: 8192.
 - virtual_space_node_default_size: 1048576.
 - enlarge_chunks_in_place: 1.
 - new_chunks_are_fully_committed: 0.
 - uncommit_free_chunks: 1.
 - use_allocation_guard: 0.
 - handle_deallocations: 1.


Internal statistics:

num_allocs_failed_limit: 6.
num_arena_births: 324.
num_arena_deaths: 0.
num_vsnodes_births: 6.
num_vsnodes_deaths: 0.
num_space_committed: 687.
num_space_uncommitted: 0.
num_chunks_returned_to_freelist: 6.
num_chunks_taken_from_freelist: 1454.
num_chunk_merges: 3.
num_chunk_splits: 990.
num_chunks_enlarged: 771.
num_purges: 0.
num_inconsistent_stats: 0.

CodeHeap 'non-profiled nmethods': size=120000Kb used=2906Kb max_used=3114Kb free=117093Kb
 bounds [0x000001ef8fd70000, 0x000001ef90080000, 0x000001ef972a0000]
CodeHeap 'profiled nmethods': size=120000Kb used=8243Kb max_used=9914Kb free=111756Kb
 bounds [0x000001ef88840000, 0x000001ef891f0000, 0x000001ef8fd70000]
CodeHeap 'non-nmethods': size=5760Kb used=1308Kb max_used=1375Kb free=4451Kb
 bounds [0x000001ef882a0000, 0x000001ef88510000, 0x000001ef88840000]
 total_blobs=4342 nmethods=3794 adapters=460
 compilation: enabled
              stopped_count=0, restarted_count=0
 full_count=0

Compilation events (20 events):
Event: 107.744 Thread 0x000001ef826b8d50 4451       3       org.apache.juli.logging.DirectJDKLog::isTraceEnabled (11 bytes)
Event: 107.745 Thread 0x000001ef826b8d50 nmethod 4451 0x000001ef8903b410 code [0x000001ef8903b5c0, 0x000001ef8903b878]
Event: 112.154 Thread 0x000001ef826b8d50 4452       1       org.apache.catalina.LifecycleState::isAvailable (5 bytes)
Event: 112.154 Thread 0x000001ef826b8d50 nmethod 4452 0x000001ef8feacf90 code [0x000001ef8fead120, 0x000001ef8fead1f8]
Event: 112.282 Thread 0x000001ef826b8d50 4453       1       java.util.concurrent.ThreadPoolExecutor::getQueue (5 bytes)
Event: 112.282 Thread 0x000001ef826b8d50 nmethod 4453 0x000001ef8feacc90 code [0x000001ef8feace20, 0x000001ef8feacef8]
Event: 113.277 Thread 0x000001ef826b8d50 4454       3       java.util.concurrent.ThreadPoolExecutor::workerCountOf (5 bytes)
Event: 113.277 Thread 0x000001ef826b8d50 nmethod 4454 0x000001ef88b8b410 code [0x000001ef88b8b5a0, 0x000001ef88b8b698]
Event: 117.861 Thread 0x000001ef826b8d50 4456       3       jdk.internal.misc.Unsafe::weakCompareAndSetLong (11 bytes)
Event: 117.861 Thread 0x000001ef826b8d50 nmethod 4456 0x000001ef89071e90 code [0x000001ef89072020, 0x000001ef89072158]
Event: 124.186 Thread 0x000001ef826b7e20 4457       4       java.io.WinNTFileSystem::resolve (275 bytes)
Event: 124.222 Thread 0x000001ef826b7e20 nmethod 4457 0x000001ef8fe70f10 code [0x000001ef8fe71140, 0x000001ef8fe72a10]
Event: 129.268 Thread 0x000001ef826b8d50 4458       3       java.util.concurrent.locks.AbstractQueuedSynchronizer$ConditionObject::signal (34 bytes)
Event: 129.268 Thread 0x000001ef826b8d50 nmethod 4458 0x000001ef8903ac10 code [0x000001ef8903ade0, 0x000001ef8903b148]
Event: 129.269 Thread 0x000001ef826b8d50 4459       3       java.util.concurrent.locks.LockSupport::setCurrentBlocker (14 bytes)
Event: 129.269 Thread 0x000001ef826b8d50 nmethod 4459 0x000001ef88f19010 code [0x000001ef88f191c0, 0x000001ef88f193e8]
Event: 132.169 Thread 0x000001ef826b8d50 4460       3       org.apache.catalina.webresources.Cache$$Lambda$696/0x00000008004c10b8::applyAsLong (8 bytes)
Event: 132.169 Thread 0x000001ef826b8d50 nmethod 4460 0x000001ef88f18b10 code [0x000001ef88f18cc0, 0x000001ef88f18ef8]
Event: 136.019 Thread 0x000001ef826b8d50 4461       3       java.nio.channels.spi.AbstractInterruptibleChannel::blockedOn (10 bytes)
Event: 136.020 Thread 0x000001ef826b8d50 nmethod 4461 0x000001ef8888d190 code [0x000001ef8888d340, 0x000001ef8888d588]

GC Heap History (20 events):
Event: 7.790 GC heap before
{Heap before GC invocations=12 (full 0):
 garbage-first heap   total 34816K, used 23333K [0x0000000705800000, 0x0000000800000000)
  region size 2048K, 9 young (18432K), 2 survivors (4096K)
 Metaspace       used 31042K, committed 31360K, reserved 1081344K
  class space    used 3426K, committed 3584K, reserved 1048576K
}
Event: 7.793 GC heap after
{Heap after GC invocations=13 (full 0):
 garbage-first heap   total 34816K, used 9911K [0x0000000705800000, 0x0000000800000000)
  region size 2048K, 2 young (4096K), 2 survivors (4096K)
 Metaspace       used 31042K, committed 31360K, reserved 1081344K
  class space    used 3426K, committed 3584K, reserved 1048576K
}
Event: 9.021 GC heap before
{Heap before GC invocations=13 (full 0):
 garbage-first heap   total 34816K, used 24247K [0x0000000705800000, 0x0000000800000000)
  region size 2048K, 9 young (18432K), 2 survivors (4096K)
 Metaspace       used 32724K, committed 32960K, reserved 1081344K
  class space    used 3664K, committed 3776K, reserved 1048576K
}
Event: 9.026 GC heap after
{Heap after GC invocations=14 (full 0):
 garbage-first heap   total 34816K, used 10771K [0x0000000705800000, 0x0000000800000000)
  region size 2048K, 2 young (4096K), 2 survivors (4096K)
 Metaspace       used 32724K, committed 32960K, reserved 1081344K
  class space    used 3664K, committed 3776K, reserved 1048576K
}
Event: 9.506 GC heap before
{Heap before GC invocations=14 (full 0):
 garbage-first heap   total 34816K, used 25107K [0x0000000705800000, 0x0000000800000000)
  region size 2048K, 9 young (18432K), 2 survivors (4096K)
 Metaspace       used 34212K, committed 34496K, reserved 1081344K
  class space    used 3818K, committed 3904K, reserved 1048576K
}
Event: 9.510 GC heap after
{Heap after GC invocations=15 (full 0):
 garbage-first heap   total 34816K, used 11581K [0x0000000705800000, 0x0000000800000000)
  region size 2048K, 2 young (4096K), 2 survivors (4096K)
 Metaspace       used 34212K, committed 34496K, reserved 1081344K
  class space    used 3818K, committed 3904K, reserved 1048576K
}
Event: 10.279 GC heap before
{Heap before GC invocations=15 (full 0):
 garbage-first heap   total 34816K, used 21821K [0x0000000705800000, 0x0000000800000000)
  region size 2048K, 8 young (16384K), 2 survivors (4096K)
 Metaspace       used 35831K, committed 36096K, reserved 1081344K
  class space    used 3985K, committed 4160K, reserved 1048576K
}
Event: 10.282 GC heap after
{Heap after GC invocations=16 (full 0):
 garbage-first heap   total 34816K, used 12252K [0x0000000705800000, 0x0000000800000000)
  region size 2048K, 1 young (2048K), 1 survivors (2048K)
 Metaspace       used 35831K, committed 36096K, reserved 1081344K
  class space    used 3985K, committed 4160K, reserved 1048576K
}
Event: 11.258 GC heap before
{Heap before GC invocations=17 (full 0):
 garbage-first heap   total 34816K, used 24540K [0x0000000705800000, 0x0000000800000000)
  region size 2048K, 7 young (14336K), 1 survivors (2048K)
 Metaspace       used 37131K, committed 37440K, reserved 1089536K
  class space    used 4125K, committed 4288K, reserved 1048576K
}
Event: 11.261 GC heap after
{Heap after GC invocations=18 (full 0):
 garbage-first heap   total 34816K, used 13083K [0x0000000705800000, 0x0000000800000000)
  region size 2048K, 1 young (2048K), 1 survivors (2048K)
 Metaspace       used 37131K, committed 37440K, reserved 1089536K
  class space    used 4125K, committed 4288K, reserved 1048576K
}
Event: 11.853 GC heap before
{Heap before GC invocations=18 (full 0):
 garbage-first heap   total 34816K, used 25371K [0x0000000705800000, 0x0000000800000000)
  region size 2048K, 7 young (14336K), 1 survivors (2048K)
 Metaspace       used 38364K, committed 38656K, reserved 1089536K
  class space    used 4295K, committed 4416K, reserved 1048576K
}
Event: 11.856 GC heap after
{Heap after GC invocations=19 (full 0):
 garbage-first heap   total 34816K, used 13913K [0x0000000705800000, 0x0000000800000000)
  region size 2048K, 1 young (2048K), 1 survivors (2048K)
 Metaspace       used 38364K, committed 38656K, reserved 1089536K
  class space    used 4295K, committed 4416K, reserved 1048576K
}
Event: 13.737 GC heap before
{Heap before GC invocations=19 (full 0):
 garbage-first heap   total 34816K, used 26201K [0x0000000705800000, 0x0000000800000000)
  region size 2048K, 7 young (14336K), 1 survivors (2048K)
 Metaspace       used 39401K, committed 39744K, reserved 1089536K
  class space    used 4429K, committed 4608K, reserved 1048576K
}
Event: 13.741 GC heap after
{Heap after GC invocations=20 (full 0):
 garbage-first heap   total 34816K, used 14442K [0x0000000705800000, 0x0000000800000000)
  region size 2048K, 1 young (2048K), 1 survivors (2048K)
 Metaspace       used 39401K, committed 39744K, reserved 1089536K
  class space    used 4429K, committed 4608K, reserved 1048576K
}
Event: 14.797 GC heap before
{Heap before GC invocations=20 (full 0):
 garbage-first heap   total 34816K, used 24682K [0x0000000705800000, 0x0000000800000000)
  region size 2048K, 6 young (12288K), 1 survivors (2048K)
 Metaspace       used 40628K, committed 40960K, reserved 1089536K
  class space    used 4576K, committed 4736K, reserved 1048576K
}
Event: 14.800 GC heap after
{Heap after GC invocations=21 (full 0):
 garbage-first heap   total 34816K, used 15053K [0x0000000705800000, 0x0000000800000000)
  region size 2048K, 1 young (2048K), 1 survivors (2048K)
 Metaspace       used 40628K, committed 40960K, reserved 1089536K
  class space    used 4576K, committed 4736K, reserved 1048576K
}
Event: 45.516 GC heap before
{Heap before GC invocations=21 (full 0):
 garbage-first heap   total 34816K, used 25293K [0x0000000705800000, 0x0000000800000000)
  region size 2048K, 6 young (12288K), 1 survivors (2048K)
 Metaspace       used 41845K, committed 42176K, reserved 1089536K
  class space    used 4713K, committed 4864K, reserved 1048576K
}
Event: 45.520 GC heap after
{Heap after GC invocations=22 (full 0):
 garbage-first heap   total 34816K, used 15544K [0x0000000705800000, 0x0000000800000000)
  region size 2048K, 1 young (2048K), 1 survivors (2048K)
 Metaspace       used 41845K, committed 42176K, reserved 1089536K
  class space    used 4713K, committed 4864K, reserved 1048576K
}
Event: 46.330 GC heap before
{Heap before GC invocations=22 (full 0):
 garbage-first heap   total 34816K, used 25784K [0x0000000705800000, 0x0000000800000000)
  region size 2048K, 6 young (12288K), 1 survivors (2048K)
 Metaspace       used 42890K, committed 43200K, reserved 1089536K
  class space    used 4868K, committed 4992K, reserved 1048576K
}
Event: 46.335 GC heap after
{Heap after GC invocations=23 (full 0):
 garbage-first heap   total 34816K, used 15697K [0x0000000705800000, 0x0000000800000000)
  region size 2048K, 1 young (2048K), 1 survivors (2048K)
 Metaspace       used 42890K, committed 43200K, reserved 1089536K
  class space    used 4868K, committed 4992K, reserved 1048576K
}

Deoptimization events (20 events):
Event: 46.969 Thread 0x000001efa5a603a0 DEOPT PACKING pc=0x000001ef889f6df4 sp=0x00000026402fc6b0
Event: 46.969 Thread 0x000001efa5a603a0 DEOPT UNPACKING pc=0x000001ef882f2b43 sp=0x00000026402fbb48 mode 1
Event: 46.969 Thread 0x000001efa5a603a0 DEOPT PACKING pc=0x000001ef889f125c sp=0x00000026402fc780
Event: 46.969 Thread 0x000001efa5a603a0 DEOPT UNPACKING pc=0x000001ef882f2b43 sp=0x00000026402fbc38 mode 1
Event: 46.977 Thread 0x000001efa5a603a0 Uncommon trap: trap_request=0xfffffff4 fr.pc=0x000001ef8ff35e28 relative=0x00000000000002e8
Event: 46.977 Thread 0x000001efa5a603a0 Uncommon trap: reason=null_check action=make_not_entrant pc=0x000001ef8ff35e28 method=org.springframework.util.ClassUtils.isAssignable(Ljava/lang/Class;Ljava/lang/Class;)Z @ 14 c2
Event: 46.977 Thread 0x000001efa5a603a0 DEOPT PACKING pc=0x000001ef8ff35e28 sp=0x00000026402fd600
Event: 46.977 Thread 0x000001efa5a603a0 DEOPT UNPACKING pc=0x000001ef882f23a3 sp=0x00000026402fd5c0 mode 2
Event: 67.354 Thread 0x000001efa5a5e6c0 DEOPT PACKING pc=0x000001ef88d1c4a9 sp=0x00000026405f9f10
Event: 67.354 Thread 0x000001efa5a5e6c0 DEOPT UNPACKING pc=0x000001ef882f2b43 sp=0x00000026405f93e8 mode 1
Event: 67.354 Thread 0x000001efa5a5e6c0 DEOPT PACKING pc=0x000001ef88d1ae1c sp=0x00000026405f9fa0
Event: 67.354 Thread 0x000001efa5a5e6c0 DEOPT UNPACKING pc=0x000001ef882f2b43 sp=0x00000026405f9538 mode 1
Event: 67.354 Thread 0x000001efa5a5e6c0 DEOPT PACKING pc=0x000001ef88d1782c sp=0x00000026405fa0f0
Event: 67.354 Thread 0x000001efa5a5e6c0 DEOPT UNPACKING pc=0x000001ef882f2b43 sp=0x00000026405f96b0 mode 1
Event: 120.358 Thread 0x000001efa5a5e6c0 DEOPT PACKING pc=0x000001ef88d1c4a9 sp=0x00000026405f8850
Event: 120.358 Thread 0x000001efa5a5e6c0 DEOPT UNPACKING pc=0x000001ef882f2b43 sp=0x00000026405f7d28 mode 1
Event: 120.358 Thread 0x000001efa5a5e6c0 DEOPT PACKING pc=0x000001ef88d1ae1c sp=0x00000026405f88e0
Event: 120.358 Thread 0x000001efa5a5e6c0 DEOPT UNPACKING pc=0x000001ef882f2b43 sp=0x00000026405f7e78 mode 1
Event: 120.358 Thread 0x000001efa5a5e6c0 DEOPT PACKING pc=0x000001ef88d1782c sp=0x00000026405f8a30
Event: 120.358 Thread 0x000001efa5a5e6c0 DEOPT UNPACKING pc=0x000001ef882f2b43 sp=0x00000026405f7ff0 mode 1

Classes unloaded (0 events):
No events

Classes redefined (0 events):
No events

Internal exceptions (20 events):
Event: 11.665 Thread 0x000001efa4e4f9b0 Exception <a 'java/lang/ClassNotFoundException'{0x00000007072e1b60}: java/lang/ObjectCustomizer> (0x00000007072e1b60) 
thrown [s\src\hotspot\share\classfile\systemDictionary.cpp, line 256]
Event: 11.668 Thread 0x000001efa4e4f9b0 Exception <a 'java/lang/ClassNotFoundException'{0x00000007072e9028}: org/springframework/web/servlet/config/annotation/WebMvcConfigurationSupportCustomizer> (0x00000007072e9028) 
thrown [s\src\hotspot\share\classfile\systemDictionary.cpp, line 256]
Event: 11.670 Thread 0x000001efa4e4f9b0 Exception <a 'java/lang/ClassNotFoundException'{0x00000007072fcaf8}: org/springframework/web/servlet/config/annotation/DelegatingWebMvcConfigurationCustomizer> (0x00000007072fcaf8) 
thrown [s\src\hotspot\share\classfile\systemDictionary.cpp, line 256]
Event: 11.673 Thread 0x000001efa4e4f9b0 Exception <a 'java/lang/ClassNotFoundException'{0x0000000707305ae0}: org/springframework/boot/autoconfigure/web/servlet/WebMvcAutoConfiguration$EnableWebMvcConfigurationCustomizer> (0x0000000707305ae0) 
thrown [s\src\hotspot\share\classfile\systemDictionary.cpp, line 256]
Event: 11.676 Thread 0x000001efa4e4f9b0 Exception <a 'java/lang/ClassNotFoundException'{0x00000007073183b0}: org/springframework/context/ResourceLoaderAwareCustomizer> (0x00000007073183b0) 
thrown [s\src\hotspot\share\classfile\systemDictionary.cpp, line 256]
Event: 11.678 Thread 0x000001efa4e4f9b0 Exception <a 'java/lang/ClassNotFoundException'{0x000000070731cb70}: org/springframework/beans/factory/AwareCustomizer> (0x000000070731cb70) 
thrown [s\src\hotspot\share\classfile\systemDictionary.cpp, line 256]
Event: 11.679 Thread 0x000001efa4e4f9b0 Exception <a 'java/lang/ClassNotFoundException'{0x0000000707320740}: org/springframework/context/ApplicationContextAwareCustomizer> (0x0000000707320740) 
thrown [s\src\hotspot\share\classfile\systemDictionary.cpp, line 256]
Event: 11.681 Thread 0x000001efa4e4f9b0 Exception <a 'java/lang/ClassNotFoundException'{0x0000000707325a00}: org/springframework/beans/factory/AwareCustomizer> (0x0000000707325a00) 
thrown [s\src\hotspot\share\classfile\systemDictionary.cpp, line 256]
Event: 11.682 Thread 0x000001efa4e4f9b0 Exception <a 'java/lang/ClassNotFoundException'{0x0000000707329808}: org/springframework/web/context/ServletContextAwareCustomizer> (0x0000000707329808) 
thrown [s\src\hotspot\share\classfile\systemDictionary.cpp, line 256]
Event: 11.683 Thread 0x000001efa4e4f9b0 Exception <a 'java/lang/ClassNotFoundException'{0x000000070732e400}: org/springframework/beans/factory/AwareCustomizer> (0x000000070732e400) 
thrown [s\src\hotspot\share\classfile\systemDictionary.cpp, line 256]
Event: 12.217 Thread 0x000001efa4e4f9b0 Exception <a 'java/lang/NoSuchMethodError'{0x0000000712abfaa8}: 'void java.lang.invoke.DirectMethodHandle$Holder.invokeVirtual(java.lang.Object, java.lang.Object, int)'> (0x0000000712abfaa8) 
thrown [s\src\hotspot\share\interpreter\linkResolver.cpp, line 759]
Event: 12.220 Thread 0x000001efa4e4f9b0 Exception <a 'java/lang/NoSuchMethodError'{0x0000000712ada488}: 'void java.lang.invoke.DirectMethodHandle$Holder.invokeVirtual(java.lang.Object, java.lang.Object, long)'> (0x0000000712ada488) 
thrown [s\src\hotspot\share\interpreter\linkResolver.cpp, line 759]
Event: 14.058 Thread 0x000001efa4e4f9b0 Exception <a 'java/lang/IncompatibleClassChangeError'{0x0000000712a43bd8}: Found class java.lang.Object, but interface was expected> (0x0000000712a43bd8) 
thrown [s\src\hotspot\share\interpreter\linkResolver.cpp, line 826]
Event: 14.243 Thread 0x000001efa4e4f9b0 Exception <a 'java/lang/NoSuchMethodError'{0x00000007128de278}: 'int java.lang.invoke.DirectMethodHandle$Holder.invokeStaticInit(java.lang.Object, java.lang.Object, java.lang.Object, java.lang.Object)'> (0x00000007128de278) 
thrown [s\src\hotspot\share\interpreter\linkResolver.cpp, line 759]
Event: 14.508 Thread 0x000001efa4e4f9b0 Exception <a 'java/lang/NoSuchMethodError'{0x00000007073cfdf8}: 'java.lang.Object java.lang.invoke.DirectMethodHandle$Holder.newInvokeSpecial(java.lang.Object, java.lang.Object, int, java.lang.Object, java.lang.Object)'> (0x00000007073cfdf8) 
thrown [s\src\hotspot\share\interpreter\linkResolver.cpp, line 759]
Event: 14.510 Thread 0x000001efa4e4f9b0 Exception <a 'java/lang/NoSuchMethodError'{0x00000007073dbc00}: 'java.lang.Object java.lang.invoke.DirectMethodHandle$Holder.invokeSpecial(java.lang.Object, java.lang.Object, int, java.lang.Object, int, java.lang.Object)'> (0x00000007073dbc00) 
thrown [s\src\hotspot\share\interpreter\linkResolver.cpp, line 759]
Event: 14.510 Thread 0x000001efa4e4f9b0 Exception <a 'java/lang/NoSuchMethodError'{0x00000007073e3ca8}: 'java.lang.Object java.lang.invoke.DirectMethodHandle$Holder.newInvokeSpecial(java.lang.Object, java.lang.Object, int, java.lang.Object, int)'> (0x00000007073e3ca8) 
thrown [s\src\hotspot\share\interpreter\linkResolver.cpp, line 759]
Event: 14.511 Thread 0x000001efa4e4f9b0 Exception <a 'java/lang/NoSuchMethodError'{0x00000007073e7da8}: 'java.lang.Object java.lang.invoke.DirectMethodHandle$Holder.invokeSpecial(java.lang.Object, java.lang.Object, java.lang.Object, int, java.lang.Object, int)'> (0x00000007073e7da8) 
thrown [s\src\hotspot\share\interpreter\linkResolver.cpp, line 759]
Event: 14.514 Thread 0x000001efa4e4f9b0 Exception <a 'java/lang/NoSuchMethodError'{0x00000007073f6c38}: 'void java.lang.invoke.DirectMethodHandle$Holder.invokeVirtual(java.lang.Object, java.lang.Object)'> (0x00000007073f6c38) 
thrown [s\src\hotspot\share\interpreter\linkResolver.cpp, line 759]
Event: 46.977 Thread 0x000001efa5a603a0 Implicit null exception at 0x000001ef8ff35b60 to 0x000001ef8ff35e14

VM Operations (20 events):
Event: 133.872 Executing VM operation: get/set locals
Event: 133.872 Executing VM operation: get/set locals done
Event: 133.873 Executing VM operation: get receiver
Event: 133.873 Executing VM operation: get receiver done
Event: 133.874 Executing VM operation: ChangeSingleStep
Event: 133.874 Executing VM operation: ChangeSingleStep done
Event: 133.874 Executing VM operation: ChangeSingleStep
Event: 133.874 Executing VM operation: ChangeSingleStep done
Event: 133.876 Executing VM operation: ChangeSingleStep
Event: 133.877 Executing VM operation: ChangeSingleStep done
Event: 133.878 Executing VM operation: get/set locals
Event: 133.879 Executing VM operation: get/set locals done
Event: 133.881 Executing VM operation: ChangeSingleStep
Event: 133.881 Executing VM operation: ChangeSingleStep done
Event: 133.886 Executing VM operation: get/set locals
Event: 133.886 Executing VM operation: get/set locals done
Event: 133.888 Executing VM operation: get receiver
Event: 133.888 Executing VM operation: get receiver done
Event: 134.503 Executing VM operation: get receiver
Event: 134.504 Executing VM operation: get receiver done

Events (20 events):
Event: 46.570 loading class sun/net/spi/DefaultProxySelector$1 done
Event: 46.571 loading class sun/net/spi/DefaultProxySelector$NonProxyInfo
Event: 46.571 loading class sun/net/spi/DefaultProxySelector$NonProxyInfo done
Event: 46.571 loading class sun/net/spi/DefaultProxySelector$3
Event: 46.571 loading class sun/net/spi/DefaultProxySelector$3 done
Event: 46.944 loading class java/util/concurrent/CompletionStage
Event: 46.944 loading class java/util/concurrent/CompletionStage done
Event: 46.956 loading class jdk/internal/ValueBased
Event: 46.956 loading class jdk/internal/ValueBased done
Event: 46.990 loading class java/nio/StringCharBuffer
Event: 46.990 loading class java/nio/StringCharBuffer done
Event: 46.991 loading class sun/nio/cs/ISO_8859_1$Encoder
Event: 46.991 loading class sun/nio/cs/ISO_8859_1$Encoder done
Event: 46.991 loading class sun/nio/cs/Surrogate$Parser
Event: 46.991 loading class sun/nio/cs/Surrogate$Parser done
Event: 46.991 loading class sun/nio/cs/Surrogate
Event: 46.991 loading class sun/nio/cs/Surrogate done
Event: 74.363 Thread 0x000001ef84c70dc0 Thread exited: 0x000001ef84c70dc0
Event: 74.363 Thread 0x000001efa6c64bf0 Thread added: 0x000001efa6c64bf0
Event: 136.943 Loaded shared library C:\Hemanth\skyBand\ecr-service\EcrJava.dll


Dynamic libraries:
0x00007ff6984a0000 - 0x00007ff6984ae000 	C:\Hemanth\IDE\spring-tool-suite-4-4.16.1.RELEASE-e4.25.0-win32.win32.x86_64.self-extracting\contents\sts-4.16.1.RELEASE\plugins\org.eclipse.justj.openjdk.hotspot.jre.full.win32.x86_64_17.0.4.v20221004-1257\jre\bin\javaw.exe
0x00007ff91f530000 - 0x00007ff91f728000 	C:\WINDOWS\SYSTEM32\ntdll.dll
0x00007ff91e0f0000 - 0x00007ff91e1af000 	C:\WINDOWS\System32\KERNEL32.DLL
0x00007ff91ccc0000 - 0x00007ff91cf92000 	C:\WINDOWS\System32\KERNELBASE.dll
0x00007ff91d170000 - 0x00007ff91d270000 	C:\WINDOWS\System32\ucrtbase.dll
0x00007ff8f7620000 - 0x00007ff8f7638000 	C:\Hemanth\IDE\spring-tool-suite-4-4.16.1.RELEASE-e4.25.0-win32.win32.x86_64.self-extracting\contents\sts-4.16.1.RELEASE\plugins\org.eclipse.justj.openjdk.hotspot.jre.full.win32.x86_64_17.0.4.v20221004-1257\jre\bin\jli.dll
0x00007ff91e760000 - 0x00007ff91e901000 	C:\WINDOWS\System32\USER32.dll
0x00007ff91d540000 - 0x00007ff91d562000 	C:\WINDOWS\System32\win32u.dll
0x00007ff91eb10000 - 0x00007ff91eb3b000 	C:\WINDOWS\System32\GDI32.dll
0x00007ff91d3e0000 - 0x00007ff91d4ef000 	C:\WINDOWS\System32\gdi32full.dll
0x00007ff91cc20000 - 0x00007ff91ccbd000 	C:\WINDOWS\System32\msvcp_win.dll
0x00007ff8f74f0000 - 0x00007ff8f7509000 	C:\Hemanth\IDE\spring-tool-suite-4-4.16.1.RELEASE-e4.25.0-win32.win32.x86_64.self-extracting\contents\sts-4.16.1.RELEASE\plugins\org.eclipse.justj.openjdk.hotspot.jre.full.win32.x86_64_17.0.4.v20221004-1257\jre\bin\VCRUNTIME140.dll
0x00007ff91bef0000 - 0x00007ff91c18a000 	C:\WINDOWS\WinSxS\amd64_microsoft.windows.common-controls_6595b64144ccf1df_6.0.19041.1110_none_60b5254171f9507e\COMCTL32.dll
0x00007ff91f450000 - 0x00007ff91f4ee000 	C:\WINDOWS\System32\msvcrt.dll
0x00007ff91ee80000 - 0x00007ff91eeb2000 	C:\WINDOWS\System32\IMM32.DLL
0x00007ff8dad10000 - 0x00007ff8db383000 	C:\Program Files\McAfee\DLP\Agent\fcagpph64.dll
0x00007ff91f140000 - 0x00007ff91f1ee000 	C:\WINDOWS\System32\ADVAPI32.dll
0x00007ff91e6c0000 - 0x00007ff91e75c000 	C:\WINDOWS\System32\sechost.dll
0x00007ff91ecf0000 - 0x00007ff91ee15000 	C:\WINDOWS\System32\RPCRT4.dll
0x00007ff91d590000 - 0x00007ff91dcd4000 	C:\WINDOWS\System32\SHELL32.dll
0x00007ff91eb40000 - 0x00007ff91ec6a000 	C:\WINDOWS\System32\ole32.dll
0x00007ff91dd90000 - 0x00007ff91e0e5000 	C:\WINDOWS\System32\combase.dll
0x00007ff91ee20000 - 0x00007ff91ee75000 	C:\WINDOWS\System32\SHLWAPI.dll
0x00007ff91ec70000 - 0x00007ff91ecdb000 	C:\WINDOWS\System32\WS2_32.dll
0x00007ff91f270000 - 0x00007ff91f33d000 	C:\WINDOWS\System32\OLEAUT32.dll
0x00007ff908430000 - 0x00007ff9084c8000 	C:\WINDOWS\SYSTEM32\WINSPOOL.DRV
0x00007ff916640000 - 0x00007ff91664a000 	C:\WINDOWS\SYSTEM32\VERSION.dll
0x00007ff91cae0000 - 0x00007ff91cb12000 	C:\WINDOWS\SYSTEM32\SspiCli.dll
0x00007ff91c900000 - 0x00007ff91c933000 	C:\WINDOWS\SYSTEM32\ntmarta.dll
0x00007ff9143b0000 - 0x00007ff914890000 	C:\Program Files\McAfee\DLP\Agent\fcagafa64.dll
0x00007ff8eff90000 - 0x00007ff8f0034000 	C:\Program Files\McAfee\Endpoint Security\Threat Prevention\Ips\EpMPApi.dll
0x000001ef82800000 - 0x000001ef82869000 	C:\WINDOWS\System32\WINTRUST.dll
0x000001ef84150000 - 0x000001ef842a6000 	C:\WINDOWS\System32\CRYPT32.dll
0x00007ff91c510000 - 0x00007ff91c522000 	C:\WINDOWS\SYSTEM32\MSASN1.dll
0x0000000057f80000 - 0x0000000057f8c000 	C:\Program Files\McAfee\Endpoint Security\Threat Prevention\Ips\EpMPThe.dll
0x00007ff913580000 - 0x00007ff91358c000 	C:\Hemanth\IDE\spring-tool-suite-4-4.16.1.RELEASE-e4.25.0-win32.win32.x86_64.self-extracting\contents\sts-4.16.1.RELEASE\plugins\org.eclipse.justj.openjdk.hotspot.jre.full.win32.x86_64_17.0.4.v20221004-1257\jre\bin\vcruntime140_1.dll
0x00007ff8d5780000 - 0x00007ff8d5811000 	C:\Hemanth\IDE\spring-tool-suite-4-4.16.1.RELEASE-e4.25.0-win32.win32.x86_64.self-extracting\contents\sts-4.16.1.RELEASE\plugins\org.eclipse.justj.openjdk.hotspot.jre.full.win32.x86_64_17.0.4.v20221004-1257\jre\bin\msvcp140.dll
0x00007ff8b9960000 - 0x00007ff8ba5a6000 	C:\Hemanth\IDE\spring-tool-suite-4-4.16.1.RELEASE-e4.25.0-win32.win32.x86_64.self-extracting\contents\sts-4.16.1.RELEASE\plugins\org.eclipse.justj.openjdk.hotspot.jre.full.win32.x86_64_17.0.4.v20221004-1257\jre\bin\server\jvm.dll
0x00007ff91e620000 - 0x00007ff91e628000 	C:\WINDOWS\System32\PSAPI.DLL
0x00007ff904d90000 - 0x00007ff904d99000 	C:\WINDOWS\SYSTEM32\WSOCK32.dll
0x00007ff907e10000 - 0x00007ff907e37000 	C:\WINDOWS\SYSTEM32\WINMM.dll
0x00007ff919f80000 - 0x00007ff919f92000 	C:\WINDOWS\SYSTEM32\kernel.appcore.dll
0x00007ff91a740000 - 0x00007ff91a74a000 	C:\Hemanth\IDE\spring-tool-suite-4-4.16.1.RELEASE-e4.25.0-win32.win32.x86_64.self-extracting\contents\sts-4.16.1.RELEASE\plugins\org.eclipse.justj.openjdk.hotspot.jre.full.win32.x86_64_17.0.4.v20221004-1257\jre\bin\jimage.dll
0x00007ff91c570000 - 0x00007ff91c754000 	C:\WINDOWS\SYSTEM32\DBGHELP.DLL
0x00007ff91c2f0000 - 0x00007ff91c325000 	C:\WINDOWS\SYSTEM32\dbgcore.DLL
0x000001ef842c0000 - 0x000001ef84342000 	C:\WINDOWS\System32\bcryptPrimitives.dll
0x00007ff8f7060000 - 0x00007ff8f709b000 	C:\Hemanth\IDE\spring-tool-suite-4-4.16.1.RELEASE-e4.25.0-win32.win32.x86_64.self-extracting\contents\sts-4.16.1.RELEASE\plugins\org.eclipse.justj.openjdk.hotspot.jre.full.win32.x86_64_17.0.4.v20221004-1257\jre\bin\jdwp.dll
0x00007ff8ff4a0000 - 0x00007ff8ff4ae000 	C:\Hemanth\IDE\spring-tool-suite-4-4.16.1.RELEASE-e4.25.0-win32.win32.x86_64.self-extracting\contents\sts-4.16.1.RELEASE\plugins\org.eclipse.justj.openjdk.hotspot.jre.full.win32.x86_64_17.0.4.v20221004-1257\jre\bin\instrument.dll
0x00007ff914900000 - 0x00007ff914925000 	C:\Hemanth\IDE\spring-tool-suite-4-4.16.1.RELEASE-e4.25.0-win32.win32.x86_64.self-extracting\contents\sts-4.16.1.RELEASE\plugins\org.eclipse.justj.openjdk.hotspot.jre.full.win32.x86_64_17.0.4.v20221004-1257\jre\bin\java.dll
0x00007ff8f5910000 - 0x00007ff8f5928000 	C:\Hemanth\IDE\spring-tool-suite-4-4.16.1.RELEASE-e4.25.0-win32.win32.x86_64.self-extracting\contents\sts-4.16.1.RELEASE\plugins\org.eclipse.justj.openjdk.hotspot.jre.full.win32.x86_64_17.0.4.v20221004-1257\jre\bin\zip.dll
0x00007ff919fa0000 - 0x00007ff91a732000 	C:\WINDOWS\SYSTEM32\windows.storage.dll
0x00007ff91be50000 - 0x00007ff91be80000 	C:\WINDOWS\SYSTEM32\Wldp.dll
0x00007ff91dce0000 - 0x00007ff91dd8d000 	C:\WINDOWS\System32\SHCORE.dll
0x00007ff91cb60000 - 0x00007ff91cb7f000 	C:\WINDOWS\SYSTEM32\profapi.dll
0x00007ff8fe500000 - 0x00007ff8fe50c000 	C:\Hemanth\IDE\spring-tool-suite-4-4.16.1.RELEASE-e4.25.0-win32.win32.x86_64.self-extracting\contents\sts-4.16.1.RELEASE\plugins\org.eclipse.justj.openjdk.hotspot.jre.full.win32.x86_64_17.0.4.v20221004-1257\jre\bin\dt_socket.dll
0x00007ff91b920000 - 0x00007ff91b95b000 	C:\WINDOWS\SYSTEM32\IPHLPAPI.DLL
0x00007ff91bd90000 - 0x00007ff91bdfa000 	C:\WINDOWS\system32\mswsock.dll
0x00007ff91b960000 - 0x00007ff91ba2a000 	C:\WINDOWS\SYSTEM32\DNSAPI.dll
0x00007ff91ece0000 - 0x00007ff91ece8000 	C:\WINDOWS\System32\NSI.dll
0x00007ff909670000 - 0x00007ff90967a000 	C:\Windows\System32\rasadhlp.dll
0x00007ff9173a0000 - 0x00007ff917420000 	C:\WINDOWS\System32\fwpuclnt.dll
0x00007ff91d3b0000 - 0x00007ff91d3d7000 	C:\WINDOWS\System32\bcrypt.dll
0x00007ff8f58f0000 - 0x00007ff8f5909000 	C:\Hemanth\IDE\spring-tool-suite-4-4.16.1.RELEASE-e4.25.0-win32.win32.x86_64.self-extracting\contents\sts-4.16.1.RELEASE\plugins\org.eclipse.justj.openjdk.hotspot.jre.full.win32.x86_64_17.0.4.v20221004-1257\jre\bin\net.dll
0x00007ff9101d0000 - 0x00007ff9102dc000 	C:\WINDOWS\SYSTEM32\WINHTTP.dll
0x00007ff8f58d0000 - 0x00007ff8f58e5000 	C:\Hemanth\IDE\spring-tool-suite-4-4.16.1.RELEASE-e4.25.0-win32.win32.x86_64.self-extracting\contents\sts-4.16.1.RELEASE\plugins\org.eclipse.justj.openjdk.hotspot.jre.full.win32.x86_64_17.0.4.v20221004-1257\jre\bin\nio.dll
0x00007ff8ffa00000 - 0x00007ff8ffa10000 	C:\Hemanth\IDE\spring-tool-suite-4-4.16.1.RELEASE-e4.25.0-win32.win32.x86_64.self-extracting\contents\sts-4.16.1.RELEASE\plugins\org.eclipse.justj.openjdk.hotspot.jre.full.win32.x86_64_17.0.4.v20221004-1257\jre\bin\verify.dll
0x00007ff8fe4b0000 - 0x00007ff8fe4b9000 	C:\Hemanth\IDE\spring-tool-suite-4-4.16.1.RELEASE-e4.25.0-win32.win32.x86_64.self-extracting\contents\sts-4.16.1.RELEASE\plugins\org.eclipse.justj.openjdk.hotspot.jre.full.win32.x86_64_17.0.4.v20221004-1257\jre\bin\management.dll
0x00007ff8fe280000 - 0x00007ff8fe28b000 	C:\Hemanth\IDE\spring-tool-suite-4-4.16.1.RELEASE-e4.25.0-win32.win32.x86_64.self-extracting\contents\sts-4.16.1.RELEASE\plugins\org.eclipse.justj.openjdk.hotspot.jre.full.win32.x86_64_17.0.4.v20221004-1257\jre\bin\management_ext.dll
0x00007ff8f6bd0000 - 0x00007ff8f6be7000 	C:\WINDOWS\system32\napinsp.dll
0x00007ff8f6bb0000 - 0x00007ff8f6bcb000 	C:\WINDOWS\system32\pnrpnsp.dll
0x00007ff917610000 - 0x00007ff91762d000 	C:\WINDOWS\system32\NLAapi.dll
0x00007ff8f6b30000 - 0x00007ff8f6b45000 	C:\WINDOWS\system32\wshbth.dll
0x00007ff8f6b00000 - 0x00007ff8f6b12000 	C:\WINDOWS\System32\winrnr.dll
0x00007ff91c940000 - 0x00007ff91c958000 	C:\WINDOWS\SYSTEM32\CRYPTSP.dll
0x00007ff91b5b0000 - 0x00007ff91b5e4000 	C:\WINDOWS\system32\rsaenh.dll
0x00007ff91cb20000 - 0x00007ff91cb4e000 	C:\WINDOWS\SYSTEM32\USERENV.dll
0x00007ff91bd70000 - 0x00007ff91bd7c000 	C:\WINDOWS\SYSTEM32\CRYPTBASE.dll
0x00007ff916df0000 - 0x00007ff916e07000 	C:\WINDOWS\SYSTEM32\dhcpcsvc6.DLL
0x00007ff916dd0000 - 0x00007ff916ded000 	C:\WINDOWS\SYSTEM32\dhcpcsvc.DLL
0x00007ff8d50b0000 - 0x00007ff8d50be000 	C:\Hemanth\IDE\spring-tool-suite-4-4.16.1.RELEASE-e4.25.0-win32.win32.x86_64.self-extracting\contents\sts-4.16.1.RELEASE\plugins\org.eclipse.justj.openjdk.hotspot.jre.full.win32.x86_64_17.0.4.v20221004-1257\jre\bin\sunmscapi.dll
0x00007ff91bec0000 - 0x00007ff91bee7000 	C:\WINDOWS\SYSTEM32\ncrypt.dll
0x00007ff91be80000 - 0x00007ff91bebb000 	C:\WINDOWS\SYSTEM32\NTASN1.dll
0x00007ff913600000 - 0x00007ff913607000 	C:\WINDOWS\system32\wshunix.dll
0x0000000071000000 - 0x0000000071024000 	C:\Hemanth\skyBand\ecr-service\EcrJava.dll

dbghelp: loaded successfully - version: 4.0.5 - missing functions: none
symbol engine: initialized successfully - sym options: 0x614 - pdb path: .;C:\Hemanth\IDE\spring-tool-suite-4-4.16.1.RELEASE-e4.25.0-win32.win32.x86_64.self-extracting\contents\sts-4.16.1.RELEASE\plugins\org.eclipse.justj.openjdk.hotspot.jre.full.win32.x86_64_17.0.4.v20221004-1257\jre\bin;C:\WINDOWS\SYSTEM32;C:\WINDOWS\WinSxS\amd64_microsoft.windows.common-controls_6595b64144ccf1df_6.0.19041.1110_none_60b5254171f9507e;C:\Program Files\McAfee\DLP\Agent;C:\Program Files\McAfee\Endpoint Security\Threat Prevention\Ips;C:\Hemanth\IDE\spring-tool-suite-4-4.16.1.RELEASE-e4.25.0-win32.win32.x86_64.self-extracting\contents\sts-4.16.1.RELEASE\plugins\org.eclipse.justj.openjdk.hotspot.jre.full.win32.x86_64_17.0.4.v20221004-1257\jre\bin\server;C:\Hemanth\skyBand\ecr-service

VM Arguments:
jvm_args: -XX:+ShowCodeDetailsInExceptionMessages -agentlib:jdwp=transport=dt_socket,suspend=y,address=localhost:51840 -javaagent:C:\Hemanth\IDE\spring-tool-suite-4-4.16.1.RELEASE-e4.25.0-win32.win32.x86_64.self-extracting\contents\sts-4.16.1.RELEASE\configuration\org.eclipse.osgi\268\0\.cp\lib\javaagent-shaded.jar -Dfile.encoding=UTF-8 
java_command: com.ecr.ECRBootApplication
java_class_path (initial): C:\Hemanth\skyBand\ecr-service\target\classes;C:\Users\Hemanth.kumar\.m2\repository\org\springframework\boot\spring-boot-starter\2.7.7\spring-boot-starter-2.7.7.jar;C:\Users\Hemanth.kumar\.m2\repository\org\springframework\boot\spring-boot\2.7.7\spring-boot-2.7.7.jar;C:\Users\Hemanth.kumar\.m2\repository\org\springframework\spring-context\5.3.24\spring-context-5.3.24.jar;C:\Users\Hemanth.kumar\.m2\repository\org\springframework\boot\spring-boot-autoconfigure\2.7.7\spring-boot-autoconfigure-2.7.7.jar;C:\Users\Hemanth.kumar\.m2\repository\org\springframework\boot\spring-boot-starter-logging\2.7.7\spring-boot-starter-logging-2.7.7.jar;C:\Users\Hemanth.kumar\.m2\repository\ch\qos\logback\logback-classic\1.2.11\logback-classic-1.2.11.jar;C:\Users\Hemanth.kumar\.m2\repository\ch\qos\logback\logback-core\1.2.11\logback-core-1.2.11.jar;C:\Users\Hemanth.kumar\.m2\repository\org\apache\logging\log4j\log4j-to-slf4j\2.17.2\log4j-to-slf4j-2.17.2.jar;C:\Users\Hemanth.kumar\.m2\repository\org\apache\logging\log4j\log4j-api\2.17.2\log4j-api-2.17.2.jar;C:\Users\Hemanth.kumar\.m2\repository\org\slf4j\jul-to-slf4j\1.7.36\jul-to-slf4j-1.7.36.jar;C:\Users\Hemanth.kumar\.m2\repository\jakarta\annotation\jakarta.annotation-api\1.3.5\jakarta.annotation-api-1.3.5.jar;C:\Users\Hemanth.kumar\.m2\repository\org\springframework\spring-core\5.3.24\spring-core-5.3.24.jar;C:\Users\Hemanth.kumar\.m2\repository\org\springframework\spring-jcl\5.3.24\spring-jcl-5.3.24.jar;C:\Users\Hemanth.kumar\.m2\repository\org\yaml\snakeyaml\1.30\snakeyaml-1.30.jar;C:\Users\Hemanth.kumar\.m2\repository\org\slf4j\slf4j-api\1.7.36\slf4j-api-1.7.36.jar;C:\Users\Hemanth.kumar\.m2\repository\org\springframework\boot\spring-boot-starter-web\2.7.7\spring-boot-starter-web-2.7.7.jar;C:\Users\Hemanth.kumar\.m2\repository\org\springframework\boot\spring-boot-starter-json\2.7.7\spring-boot-starter-json-2.7.7.jar;C:\Users\Hemanth.kumar\.m2\repository\com\fasterxml\jackson\core\jackson-databind\2.13.
Launcher Type: SUN_STANDARD

[Global flags]
     intx CICompilerCount                          = 3                                         {product} {ergonomic}
     uint ConcGCThreads                            = 1                                         {product} {ergonomic}
     uint G1ConcRefinementThreads                  = 4                                         {product} {ergonomic}
   size_t G1HeapRegionSize                         = 2097152                                   {product} {ergonomic}
    uintx GCDrainStackTargetSize                   = 64                                        {product} {ergonomic}
   size_t InitialHeapSize                          = 264241152                                 {product} {ergonomic}
   size_t MarkStackSize                            = 4194304                                   {product} {ergonomic}
   size_t MaxHeapSize                              = 4202692608                                {product} {ergonomic}
   size_t MaxNewSize                               = 2520776704                                {product} {ergonomic}
   size_t MinHeapDeltaBytes                        = 2097152                                   {product} {ergonomic}
   size_t MinHeapSize                              = 8388608                                   {product} {ergonomic}
    uintx NonNMethodCodeHeapSize                   = 5832780                                {pd product} {ergonomic}
    uintx NonProfiledCodeHeapSize                  = 122912730                              {pd product} {ergonomic}
    uintx ProfiledCodeHeapSize                     = 122912730                              {pd product} {ergonomic}
    uintx ReservedCodeCacheSize                    = 251658240                              {pd product} {ergonomic}
     bool SegmentedCodeCache                       = true                                      {product} {ergonomic}
     bool ShowCodeDetailsInExceptionMessages       = true                                   {manageable} {command line}
   size_t SoftMaxHeapSize                          = 4202692608                             {manageable} {ergonomic}
     bool UseCompressedClassPointers               = true                           {product lp64_product} {ergonomic}
     bool UseCompressedOops                        = true                           {product lp64_product} {ergonomic}
     bool UseG1GC                                  = true                                      {product} {ergonomic}
     bool UseLargePagesIndividualAllocation        = false                                  {pd product} {ergonomic}

Logging:
Log output configuration:
 #0: stdout all=warning uptime,level,tags
 #1: stderr all=off uptime,level,tags

Environment Variables:
PATH=C:\Hemanth\IDE\spring-tool-suite-4-4.16.1.RELEASE-e4.25.0-win32.win32.x86_64.self-extracting\contents\sts-4.16.1.RELEASE\plugins\org.eclipse.justj.openjdk.hotspot.jre.full.win32.x86_64_17.0.4.v20221004-1257\jre\bin;C:/Hemanth/IDE/spring-tool-suite-4-4.16.1.RELEASE-e4.25.0-win32.win32.x86_64.self-extracting/contents/sts-4.16.1.RELEASE//plugins/org.eclipse.justj.openjdk.hotspot.jre.full.win32.x86_64_17.0.4.v20221004-1257/jre/bin/server;C:/Hemanth/IDE/spring-tool-suite-4-4.16.1.RELEASE-e4.25.0-win32.win32.x86_64.self-extracting/contents/sts-4.16.1.RELEASE//plugins/org.eclipse.justj.openjdk.hotspot.jre.full.win32.x86_64_17.0.4.v20221004-1257/jre/bin;C:\Program Files (x86)\Common Files\Oracle\Java\javapath;C:\WINDOWS\system32;C:\WINDOWS;C:\WINDOWS\System32\Wbem;C:\WINDOWS\System32\WindowsPowerShell\v1.0\;C:\WINDOWS\System32\OpenSSH\;C:\Program Files\Git\cmd;C:\Program Files\Docker\Docker\resources\bin;C:\Program Files\dotnet\;C:\Users\Hemanth.kumar\AppData\Local\Microsoft\WindowsApps;;C:\Hemanth\IDE\spring-tool-suite-4-4.16.1.RELEASE-e4.25.0-win32.win32.x86_64.self-extracting\contents\sts-4.16.1.RELEASE;
USERNAME=hemanth.kumar
OS=Windows_NT
PROCESSOR_IDENTIFIER=Intel64 Family 6 Model 142 Stepping 9, GenuineIntel
TMP=C:\Users\HEMANT~1.KUM\AppData\Local\Temp
TEMP=C:\Users\HEMANT~1.KUM\AppData\Local\Temp



---------------  S Y S T E M  ---------------

OS:
 Windows 10 , 64 bit Build 19041 (10.0.19041.2364)
OS uptime: 0 days 6:14 hours
Hyper-V role detected

CPU: total 4 (initial active 4) (2 cores per cpu, 2 threads per core) family 6 model 142 stepping 9 microcode 0xd6, cx8, cmov, fxsr, ht, mmx, 3dnowpref, sse, sse2, sse3, ssse3, sse4.1, sse4.2, popcnt, lzcnt, tsc, tscinvbit, avx, avx2, aes, erms, clmul, bmi1, bmi2, rtm, adx, fma, vzeroupper, clflush, clflushopt, hv

Memory: 4k page, system-wide physical 16024M (8524M free)
TotalPageFile size 18456M (AvailPageFile size 7483M)
current process WorkingSet (physical memory assigned to process): 153M, peak: 219M
current process commit charge ("private bytes"): 178M, peak: 390M

vm_info: OpenJDK 64-Bit Server VM (17.0.4.1+1) for windows-amd64 JRE (17.0.4.1+1), built on Aug 17 2022 07:42:43 by "temurin" with MS VC++ 16.7 (VS2019)

END.
